TN:
SF:src/App.tsx
FN:36,LoadingFallback
FN:42,App
FNF:2
FNH:2
FNDA:3,LoadingFallback
FNDA:3,App
DA:1,1
DA:2,1
DA:3,1
DA:4,1
DA:5,1
DA:6,1
DA:7,1
DA:10,1
DA:11,1
DA:12,1
DA:13,1
DA:14,1
DA:15,1
DA:16,1
DA:17,1
DA:18,1
DA:19,1
DA:20,1
DA:21,1
DA:22,1
DA:23,1
DA:24,1
DA:25,1
DA:26,1
DA:27,1
DA:28,1
DA:29,1
DA:30,1
DA:31,1
DA:32,1
DA:33,1
DA:36,1
DA:37,3
DA:38,3
DA:39,3
DA:42,3
DA:43,3
DA:44,3
DA:45,3
DA:46,3
DA:47,3
DA:48,3
DA:49,3
DA:50,3
DA:51,3
DA:53,3
DA:54,3
DA:57,3
DA:58,3
DA:59,3
DA:60,3
DA:61,3
DA:62,3
DA:63,3
DA:64,3
DA:65,3
DA:66,3
DA:67,3
DA:68,3
DA:69,3
DA:72,3
DA:73,3
DA:74,3
DA:75,3
DA:76,3
DA:77,3
DA:78,3
DA:79,3
DA:80,3
DA:81,3
DA:82,3
DA:83,3
DA:84,3
DA:85,3
DA:86,3
DA:87,3
DA:88,3
DA:89,3
DA:91,3
DA:93,1
LF:80
LH:80
BRDA:10,0,0,1
BRDA:18,1,0,1
BRDA:25,2,0,1
BRDA:36,3,0,3
BRDA:42,4,0,3
BRF:5
BRH:5
end_of_record
TN:
SF:src/api.ts
FN:130,getPublicConfig
FN:142,getCategories
FN:149,getCampaigns
FN:168,getCampaignsPaginated
FN:188,getCampaign
FN:195,createStripeSession
FN:208,getDonatePopup
FN:216,authFetch
FN:250,fetchDonationsPaginated
FN:269,getDonatePopupSettings
FN:280,updateDonatePopupSettings
FNF:11
FNH:11
FNDA:2,getPublicConfig
FNDA:2,getCategories
FNDA:3,getCampaigns
FNDA:2,getCampaignsPaginated
FNDA:2,getCampaign
FNDA:2,createStripeSession
FNDA:3,getDonatePopup
FNDA:10,authFetch
FNDA:3,fetchDonationsPaginated
FNDA:2,getDonatePopupSettings
FNDA:2,updateDonatePopupSettings
DA:1,1
DA:128,1
DA:130,1
DA:131,2
DA:132,2
DA:134,1
DA:135,1
DA:136,1
DA:137,1
DA:138,1
DA:139,1
DA:140,2
DA:142,1
DA:143,2
DA:144,2
DA:145,1
DA:146,2
DA:149,1
DA:154,3
DA:155,3
DA:156,3
DA:157,3
DA:158,3
DA:159,3
DA:161,3
DA:162,3
DA:163,3
DA:164,2
DA:165,3
DA:168,1
DA:174,2
DA:175,2
DA:176,2
DA:177,2
DA:178,2
DA:179,2
DA:180,2
DA:181,2
DA:182,2
DA:183,2
DA:184,1
DA:185,2
DA:188,1
DA:189,2
DA:190,2
DA:191,1
DA:192,2
DA:195,1
DA:196,2
DA:197,2
DA:198,2
DA:199,2
DA:200,2
DA:201,2
DA:202,2
DA:203,2
DA:204,1
DA:205,2
DA:208,1
DA:209,3
DA:210,3
DA:211,2
DA:212,3
DA:213,1
DA:216,1
DA:218,10
DA:219,10
DA:220,1
DA:221,1
DA:224,9
DA:225,9
DA:226,9
DA:227,9
DA:228,9
DA:229,9
DA:230,9
DA:231,9
DA:233,10
DA:234,1
DA:235,1
DA:236,1
DA:237,1
DA:239,8
DA:240,8
DA:250,1
DA:251,3
DA:252,3
DA:253,3
DA:254,3
DA:255,3
DA:256,3
DA:258,3
DA:259,3
DA:261,3
DA:262,1
DA:263,1
DA:265,2
DA:266,2
DA:269,1
DA:270,2
DA:271,2
DA:273,2
DA:274,1
DA:275,1
DA:277,1
DA:278,1
DA:280,1
DA:281,2
DA:282,2
DA:283,2
DA:284,2
DA:285,2
DA:287,2
DA:288,1
DA:289,1
DA:291,1
DA:292,1
LF:117
LH:117
BRDA:130,0,0,2
BRDA:132,1,0,1
BRDA:142,2,0,2
BRDA:144,3,0,1
BRDA:149,4,0,3
BRDA:156,5,0,1
BRDA:156,6,0,1
BRDA:157,7,0,1
BRDA:157,8,0,1
BRDA:158,9,0,1
BRDA:158,10,0,1
BRDA:159,11,0,1
BRDA:159,12,0,1
BRDA:161,13,0,1
BRDA:161,14,0,2
BRDA:163,15,0,1
BRDA:163,16,0,2
BRDA:168,17,0,2
BRDA:178,18,0,0
BRDA:179,19,0,1
BRDA:180,20,0,0
BRDA:183,21,0,1
BRDA:188,22,0,2
BRDA:190,23,0,1
BRDA:195,24,0,2
BRDA:203,25,0,1
BRDA:208,26,0,3
BRDA:210,27,0,2
BRDA:210,28,0,1
BRDA:216,29,0,10
BRDA:219,30,0,1
BRDA:221,31,0,9
BRDA:233,32,0,1
BRDA:237,33,0,8
BRDA:250,34,0,3
BRDA:252,35,0,1
BRDA:253,36,0,1
BRDA:254,37,0,1
BRDA:255,38,0,1
BRDA:256,39,0,2
BRDA:256,40,0,1
BRDA:261,41,0,1
BRDA:263,42,0,2
BRDA:269,43,0,2
BRDA:273,44,0,1
BRDA:280,45,0,2
BRDA:287,46,0,1
BRF:47
BRH:45
end_of_record
TN:
SF:src/cmsApi.ts
FN:41,getContent
FN:47,getTestimonials
FN:53,getStats
FN:59,getSocialMedia
FN:65,getCarouselImages
FNF:5
FNH:0
FNDA:0,getContent
FNDA:0,getTestimonials
FNDA:0,getStats
FNDA:0,getSocialMedia
FNDA:0,getCarouselImages
DA:1,1
DA:3,1
DA:40,1
DA:41,1
DA:42,0
DA:43,0
DA:44,0
DA:45,0
DA:47,1
DA:48,0
DA:49,0
DA:50,0
DA:51,0
DA:53,1
DA:54,0
DA:55,0
DA:56,0
DA:57,0
DA:59,1
DA:60,0
DA:61,0
DA:62,0
DA:63,0
DA:65,1
DA:66,0
DA:67,0
DA:68,0
DA:69,0
DA:70,1
LF:29
LH:9
BRF:0
BRH:0
end_of_record
TN:
SF:src/main.tsx
FNF:0
FNH:0
DA:1,1
DA:2,1
DA:3,1
DA:4,1
DA:5,1
DA:6,1
DA:7,1
DA:8,1
DA:10,1
DA:11,1
DA:12,1
DA:13,1
DA:14,1
DA:15,1
DA:16,1
DA:17,1
DA:18,1
DA:19,1
DA:20,1
LF:19
LH:19
BRF:0
BRH:0
end_of_record
TN:
SF:src/components/AdminLayout.tsx
FN:24,AdminLayout
FN:37,generateSessionId
FN:41,updateActivity
FN:45,isSessionValid
FN:57,performLogout
FN:78,getCurrentUser
FN:94,initializeSession
FN:139,handleActivity
FN:168,handleLogout
FN:172,toggleSidebar
FN:176,closeSidebar
FN:180,toggleProfileDropdown
FN:184,closeProfileDropdown
FN:190,handleEsc
FN:264,className
FN:275,className
FN:287,className
FN:299,className
FN:310,className
FN:321,className
FN:332,className
FN:343,className
FN:354,className
FNF:23
FNH:18
FNDA:5,AdminLayout
FNDA:1,generateSessionId
FNDA:2,updateActivity
FNDA:1,isSessionValid
FNDA:1,performLogout
FNDA:2,getCurrentUser
FNDA:2,initializeSession
FNDA:1,handleActivity
FNDA:1,handleLogout
FNDA:0,toggleSidebar
FNDA:0,closeSidebar
FNDA:0,toggleProfileDropdown
FNDA:0,closeProfileDropdown
FNDA:0,handleEsc
FNDA:1,className
FNDA:1,className
FNDA:1,className
FNDA:1,className
FNDA:1,className
FNDA:1,className
FNDA:1,className
FNDA:1,className
FNDA:1,className
DA:1,1
DA:24,5
DA:25,5
DA:26,5
DA:27,5
DA:28,5
DA:29,5
DA:30,5
DA:33,5
DA:34,5
DA:35,5
DA:37,5
DA:38,1
DA:39,1
DA:41,5
DA:42,2
DA:43,2
DA:45,5
DA:46,1
DA:47,1
DA:48,1
DA:50,1
DA:51,1
DA:53,1
DA:54,1
DA:55,1
DA:57,5
DA:58,1
DA:60,1
DA:61,1
DA:62,1
DA:63,1
DA:64,1
DA:65,0
DA:66,0
DA:69,1
DA:70,1
DA:71,1
DA:72,1
DA:73,1
DA:74,1
DA:77,5
DA:78,2
DA:79,2
DA:80,2
DA:81,2
DA:82,2
DA:83,0
DA:84,0
DA:85,2
DA:87,2
DA:88,2
DA:89,2
DA:90,5
DA:93,5
DA:94,2
DA:95,2
DA:96,2
DA:97,1
DA:99,1
DA:100,1
DA:102,1
DA:103,1
DA:104,1
DA:105,1
DA:106,1
DA:107,1
DA:108,2
DA:109,0
DA:110,0
DA:111,0
DA:113,0
DA:114,0
DA:115,0
DA:116,0
DA:117,0
DA:121,1
DA:122,1
DA:123,1
DA:124,1
DA:125,1
DA:126,2
DA:127,0
DA:128,0
DA:131,1
DA:132,2
DA:134,2
DA:135,5
DA:138,5
DA:139,2
DA:140,1
DA:141,0
DA:142,0
DA:143,0
DA:144,0
DA:145,1
DA:146,1
DA:148,2
DA:149,2
DA:150,10
DA:151,2
DA:153,2
DA:154,0
DA:155,0
DA:156,0
DA:157,0
DA:158,2
DA:160,2
DA:161,2
DA:162,10
DA:163,2
DA:164,2
DA:165,2
DA:166,5
DA:168,5
DA:169,1
DA:170,1
DA:172,5
DA:173,0
DA:174,0
DA:176,5
DA:177,0
DA:178,0
DA:180,5
DA:181,0
DA:182,0
DA:184,5
DA:185,0
DA:186,0
DA:189,5
DA:190,2
DA:191,0
DA:192,0
DA:193,0
DA:194,0
DA:195,0
DA:196,2
DA:197,2
DA:198,5
DA:201,5
DA:202,2
DA:203,0
DA:204,2
DA:205,2
DA:206,2
DA:207,2
DA:208,2
DA:209,2
DA:210,5
DA:212,5
DA:213,5
DA:214,5
DA:215,4
DA:216,4
DA:217,4
DA:218,4
DA:219,4
DA:220,4
DA:221,4
DA:222,4
DA:224,4
DA:226,1
DA:228,1
DA:229,1
DA:230,1
DA:231,1
DA:232,1
DA:234,1
DA:235,1
DA:236,1
DA:237,1
DA:240,1
DA:241,0
DA:242,0
DA:243,0
DA:244,0
DA:245,0
DA:249,1
DA:250,1
DA:251,1
DA:252,1
DA:253,1
DA:254,1
DA:255,1
DA:256,1
DA:258,1
DA:259,1
DA:260,1
DA:261,1
DA:262,1
DA:263,1
DA:264,1
DA:265,1
DA:266,1
DA:268,1
DA:269,1
DA:270,1
DA:271,1
DA:272,1
DA:273,1
DA:274,1
DA:275,1
DA:276,1
DA:277,1
DA:279,1
DA:280,1
DA:281,1
DA:282,1
DA:283,1
DA:284,1
DA:285,1
DA:286,1
DA:287,1
DA:288,1
DA:289,1
DA:291,1
DA:292,1
DA:293,1
DA:294,1
DA:296,1
DA:297,1
DA:298,1
DA:299,1
DA:300,1
DA:301,1
DA:303,1
DA:304,1
DA:305,1
DA:306,1
DA:307,1
DA:308,1
DA:309,1
DA:310,1
DA:311,1
DA:312,1
DA:314,1
DA:315,1
DA:316,1
DA:317,1
DA:318,1
DA:319,1
DA:320,1
DA:321,1
DA:322,1
DA:323,1
DA:325,1
DA:326,1
DA:327,1
DA:328,1
DA:329,1
DA:330,1
DA:331,1
DA:332,1
DA:333,1
DA:334,1
DA:336,1
DA:337,1
DA:338,1
DA:339,1
DA:340,1
DA:341,1
DA:342,1
DA:343,1
DA:344,1
DA:345,1
DA:347,1
DA:348,1
DA:349,1
DA:350,1
DA:351,1
DA:352,1
DA:353,1
DA:354,1
DA:355,1
DA:356,1
DA:358,1
DA:359,1
DA:360,1
DA:361,1
DA:362,1
DA:363,1
DA:365,1
DA:366,1
DA:367,1
DA:368,1
DA:369,1
DA:370,1
DA:373,1
DA:375,1
DA:376,1
DA:377,1
DA:378,1
DA:379,1
DA:380,1
DA:381,1
DA:382,1
DA:383,1
DA:385,1
DA:386,1
DA:387,1
DA:388,1
DA:389,1
DA:390,1
DA:391,1
DA:392,1
DA:393,1
DA:395,1
DA:396,0
DA:397,0
DA:398,0
DA:399,0
DA:400,0
DA:401,0
DA:402,0
DA:403,0
DA:404,0
DA:405,0
DA:406,0
DA:407,0
DA:408,0
DA:409,0
DA:410,0
DA:411,0
DA:412,0
DA:413,0
DA:414,0
DA:415,0
DA:416,0
DA:417,0
DA:418,0
DA:419,0
DA:420,0
DA:421,0
DA:422,0
DA:423,0
DA:424,0
DA:425,0
DA:427,0
DA:428,0
DA:429,0
DA:430,0
DA:431,0
DA:433,1
DA:434,1
DA:437,1
DA:438,1
DA:439,1
DA:440,1
DA:441,1
DA:442,1
DA:443,1
DA:445,5
DA:447,5
LF:353
LH:277
BRDA:24,0,0,5
BRDA:214,1,0,4
BRDA:224,2,0,1
BRDA:240,3,0,0
BRDA:249,4,0,0
BRDA:253,5,0,0
BRDA:254,6,0,0
BRDA:389,7,0,0
BRDA:390,8,0,0
BRDA:392,9,0,0
BRDA:395,10,0,0
BRDA:37,11,0,1
BRDA:41,12,0,2
BRDA:45,13,0,1
BRDA:50,14,0,0
BRDA:51,15,0,0
BRDA:57,16,0,1
BRDA:64,17,0,0
BRDA:77,18,0,2
BRDA:78,19,0,2
BRDA:81,20,0,1
BRDA:81,21,0,1
BRDA:82,22,0,0
BRDA:93,23,0,2
BRDA:94,24,0,2
BRDA:96,25,0,1
BRDA:108,26,0,0
BRDA:117,27,0,1
BRDA:126,28,0,0
BRDA:128,29,0,1
BRDA:138,30,0,2
BRDA:139,31,0,1
BRDA:140,32,0,0
BRDA:149,33,0,10
BRDA:160,34,0,2
BRDA:161,35,0,10
BRDA:168,36,0,1
BRDA:189,37,0,2
BRDA:197,38,0,2
BRDA:201,39,0,2
BRDA:202,40,0,0
BRDA:207,41,0,2
BRDA:264,42,0,1
BRDA:264,43,0,0
BRDA:275,44,0,1
BRDA:275,45,0,0
BRDA:287,46,0,1
BRDA:287,47,0,0
BRDA:299,48,0,1
BRDA:299,49,0,0
BRDA:310,50,0,1
BRDA:310,51,0,0
BRDA:321,52,0,1
BRDA:321,53,0,0
BRDA:332,54,0,1
BRDA:332,55,0,0
BRDA:343,56,0,1
BRDA:343,57,0,0
BRDA:354,58,0,1
BRDA:354,59,0,0
BRF:60
BRH:35
end_of_record
TN:
SF:src/components/CampaignCard.tsx
FN:9,CampaignCard
FNF:1
FNH:1
FNDA:58,CampaignCard
DA:1,1
DA:9,58
DA:10,58
DA:11,58
DA:12,58
DA:13,58
DA:14,58
DA:15,58
DA:16,58
DA:17,58
DA:18,58
DA:19,58
DA:20,58
DA:21,58
DA:22,58
DA:23,58
DA:24,58
DA:25,58
DA:26,58
DA:28,58
DA:29,58
DA:30,55
DA:31,55
DA:33,55
DA:35,58
DA:36,3
DA:38,58
DA:39,58
DA:41,58
LF:29
LH:29
BRDA:9,0,0,58
BRDA:14,1,0,55
BRDA:29,2,0,55
BRDA:35,3,0,3
BRF:4
BRH:4
end_of_record
TN:
SF:src/components/ConfigLoader.tsx
FN:8,ConfigLoader
FNF:1
FNH:1
FNDA:2,ConfigLoader
DA:1,1
DA:8,2
DA:9,2
DA:11,2
DA:12,1
DA:13,1
DA:14,1
DA:15,1
DA:16,1
DA:18,1
DA:20,2
DA:21,0
DA:23,0
DA:25,1
DA:26,1
LF:15
LH:13
BRDA:8,0,0,2
BRDA:11,1,0,1
BRDA:20,2,0,0
BRDA:23,3,0,1
BRF:4
BRH:3
end_of_record
TN:
SF:src/components/CookieConsent.tsx
FN:6,CookieConsent
FN:18,handleAccept
FN:23,handleDecline
FNF:3
FNH:3
FNDA:12,CookieConsent
FNDA:1,handleAccept
FNDA:1,handleDecline
DA:1,1
DA:4,1
DA:6,12
DA:7,12
DA:9,12
DA:10,6
DA:11,6
DA:13,4
DA:14,4
DA:15,4
DA:16,12
DA:18,12
DA:19,1
DA:20,1
DA:21,1
DA:23,12
DA:24,1
DA:25,1
DA:26,1
DA:28,12
DA:30,4
DA:31,4
DA:32,4
DA:33,4
DA:34,4
DA:35,4
DA:36,4
DA:37,4
DA:38,4
DA:39,4
DA:40,4
DA:41,4
DA:42,4
DA:43,4
DA:44,4
DA:45,4
DA:46,4
DA:47,4
DA:48,4
DA:49,4
DA:50,4
DA:52,4
DA:53,4
DA:54,4
DA:55,4
DA:56,4
DA:57,4
DA:58,4
DA:59,4
DA:60,4
DA:61,4
DA:62,4
DA:63,4
DA:64,4
DA:65,4
DA:66,4
DA:67,4
DA:68,4
DA:69,4
DA:71,4
DA:72,4
DA:73,4
DA:74,4
DA:75,4
DA:76,4
DA:77,4
DA:78,4
DA:79,4
DA:80,4
DA:81,4
DA:82,4
DA:83,4
DA:85,4
DA:86,4
DA:87,4
DA:89,4
LF:76
LH:76
BRDA:6,0,0,12
BRDA:28,1,0,8
BRDA:28,2,0,4
BRDA:9,3,0,6
BRDA:11,4,0,4
BRDA:13,5,0,4
BRDA:14,6,0,4
BRDA:18,7,0,1
BRDA:23,8,0,1
BRF:9
BRH:9
end_of_record
TN:
SF:src/components/ErrorBoundary.tsx
FN:13,ErrorBoundary
FN:18,getDerivedStateFromError
FN:22,componentDidCatch
FN:26,render
FNF:4
FNH:4
FNDA:9,ErrorBoundary
FNDA:2,getDerivedStateFromError
FNDA:1,componentDidCatch
FNDA:12,render
DA:1,1
DA:12,1
DA:13,1
DA:14,9
DA:15,9
DA:16,9
DA:18,1
DA:19,2
DA:20,2
DA:22,1
DA:23,1
DA:24,1
DA:26,1
DA:27,12
DA:28,2
DA:29,2
DA:30,2
DA:31,2
DA:32,2
DA:33,2
DA:34,2
DA:35,2
DA:36,2
DA:37,2
DA:38,2
DA:40,2
DA:41,2
DA:42,2
DA:43,2
DA:44,2
DA:45,2
DA:46,2
DA:47,2
DA:48,2
DA:49,2
DA:50,2
DA:51,2
DA:52,2
DA:53,2
DA:54,2
DA:55,2
DA:56,2
DA:57,2
DA:59,2
DA:61,10
DA:62,12
DA:63,1
LF:47
LH:47
BRDA:13,0,0,9
BRDA:18,1,0,2
BRDA:22,2,0,1
BRDA:26,3,0,12
BRDA:27,4,0,2
BRDA:59,5,0,10
BRF:6
BRH:6
end_of_record
TN:
SF:src/components/FeaturedCampaignModal.tsx
FN:14,FeaturedCampaignModal
FN:70,fetchDonatePopup
FN:89,handleDonate
FN:96,handleLearnMore
FN:109,onClick
FN:121,onClick
FN:133,onError
FN:197,onClick
FNF:8
FNH:7
FNDA:37,FeaturedCampaignModal
FNDA:17,fetchDonatePopup
FNDA:1,handleDonate
FNDA:1,handleLearnMore
FNDA:6,onClick
FNDA:1,onClick
FNDA:0,onError
FNDA:1,onClick
DA:1,1
DA:14,37
DA:15,37
DA:16,37
DA:17,37
DA:18,37
DA:19,37
DA:20,37
DA:21,37
DA:24,37
DA:25,20
DA:26,17
DA:28,17
DA:29,17
DA:30,17
DA:31,17
DA:32,17
DA:33,17
DA:34,19
DA:35,3
DA:36,3
DA:37,37
DA:40,37
DA:41,37
DA:42,4
DA:43,1
DA:44,1
DA:45,1
DA:46,4
DA:47,2
DA:48,2
DA:49,2
DA:50,2
DA:51,2
DA:52,2
DA:53,2
DA:54,2
DA:55,4
DA:56,1
DA:57,1
DA:58,1
DA:59,1
DA:60,4
DA:61,37
DA:62,37
DA:64,37
DA:65,20
DA:66,17
DA:67,17
DA:68,37
DA:70,37
DA:71,17
DA:72,17
DA:73,17
DA:74,17
DA:75,15
DA:77,17
DA:78,3
DA:79,3
DA:81,15
DA:82,17
DA:83,1
DA:84,1
DA:85,1
DA:86,1
DA:87,17
DA:89,37
DA:90,1
DA:91,1
DA:92,1
DA:93,1
DA:94,1
DA:96,37
DA:97,1
DA:98,1
DA:99,1
DA:100,1
DA:101,1
DA:103,37
DA:105,33
DA:106,33
DA:107,33
DA:108,33
DA:109,33
DA:110,33
DA:111,33
DA:113,33
DA:115,33
DA:116,17
DA:117,16
DA:118,4
DA:119,4
DA:120,4
DA:121,4
DA:123,4
DA:124,4
DA:125,12
DA:126,12
DA:127,12
DA:128,12
DA:129,12
DA:130,12
DA:131,12
DA:132,12
DA:133,12
DA:134,0
DA:135,0
DA:136,12
DA:137,12
DA:138,12
DA:140,12
DA:141,12
DA:142,12
DA:143,12
DA:144,12
DA:145,12
DA:146,12
DA:147,12
DA:149,12
DA:151,12
DA:152,12
DA:153,12
DA:154,12
DA:156,12
DA:157,12
DA:159,12
DA:161,12
DA:162,12
DA:163,12
DA:164,12
DA:165,12
DA:166,12
DA:167,12
DA:168,12
DA:169,12
DA:170,12
DA:171,12
DA:172,12
DA:173,12
DA:174,12
DA:175,12
DA:176,12
DA:177,12
DA:178,12
DA:179,12
DA:180,12
DA:181,12
DA:182,12
DA:184,12
DA:185,12
DA:186,12
DA:188,12
DA:189,12
DA:191,12
DA:192,12
DA:194,12
DA:195,12
DA:196,12
DA:197,12
DA:198,12
DA:199,12
DA:201,12
DA:202,12
DA:203,12
DA:204,12
DA:205,12
DA:206,12
DA:207,0
DA:208,37
DA:209,37
DA:211,37
LF:171
LH:168
BRDA:14,0,0,37
BRDA:103,1,0,35
BRDA:103,2,0,4
BRDA:103,3,0,33
BRDA:115,4,0,17
BRDA:116,5,0,16
BRDA:117,6,0,4
BRDA:124,7,0,12
BRDA:129,8,0,0
BRDA:206,9,0,0
BRDA:24,10,0,20
BRDA:25,11,0,19
BRDA:25,12,0,17
BRDA:34,13,0,3
BRDA:35,14,0,0
BRDA:28,15,0,17
BRDA:29,16,0,16
BRDA:32,17,0,16
BRDA:41,18,0,4
BRDA:42,19,0,1
BRDA:45,20,0,3
BRDA:46,21,0,2
BRDA:46,22,0,1
BRDA:46,23,0,2
BRDA:52,24,0,0
BRDA:52,25,0,2
BRDA:55,26,0,1
BRDA:58,27,0,0
BRDA:51,28,0,8
BRDA:64,29,0,20
BRDA:65,30,0,17
BRDA:70,31,0,17
BRDA:74,32,0,15
BRDA:77,33,0,3
BRDA:79,34,0,15
BRDA:82,35,0,1
BRDA:89,36,0,1
BRDA:96,37,0,1
BRDA:109,38,0,6
BRDA:121,39,0,1
BRDA:197,40,0,1
BRF:41
BRH:36
end_of_record
TN:
SF:src/components/HeroCarousel.tsx
FN:25,HeroCarousel
FN:33,loadSlides
FN:59,goToSlide
FN:85,onMouseEnter
FN:86,onMouseLeave
FN:126,onClick
FNF:6
FNH:6
FNDA:32,HeroCarousel
FNDA:14,loadSlides
FNDA:1,goToSlide
FNDA:1,onMouseEnter
FNDA:1,onMouseLeave
FNDA:1,onClick
DA:1,1
DA:17,1
DA:18,1
DA:19,1
DA:20,1
DA:21,1
DA:22,1
DA:23,1
DA:25,32
DA:26,32
DA:27,32
DA:28,32
DA:29,32
DA:32,32
DA:33,14
DA:34,14
DA:35,14
DA:36,14
DA:37,1
DA:38,1
DA:39,12
DA:40,12
DA:41,12
DA:42,14
DA:43,1
DA:44,1
DA:45,1
DA:46,14
DA:48,14
DA:49,32
DA:51,32
DA:52,1
DA:53,32
DA:55,32
DA:56,1
DA:57,32
DA:59,32
DA:60,1
DA:61,1
DA:63,32
DA:64,27
DA:65,12
DA:66,12
DA:67,12
DA:68,32
DA:70,32
DA:71,14
DA:72,14
DA:73,14
DA:74,14
DA:76,14
DA:78,32
DA:79,2
DA:80,2
DA:82,16
DA:83,16
DA:84,16
DA:85,16
DA:86,16
DA:88,16
DA:89,16
DA:90,48
DA:91,48
DA:92,48
DA:94,48
DA:95,48
DA:96,48
DA:97,48
DA:98,48
DA:99,48
DA:100,48
DA:101,48
DA:102,16
DA:103,16
DA:105,16
DA:106,16
DA:107,16
DA:108,16
DA:109,16
DA:111,16
DA:113,16
DA:114,16
DA:115,16
DA:116,16
DA:117,16
DA:119,16
DA:121,16
DA:122,16
DA:123,48
DA:124,48
DA:125,48
DA:126,48
DA:127,48
DA:129,48
DA:130,48
DA:131,16
DA:132,16
DA:133,16
DA:135,16
LF:99
LH:99
BRDA:25,0,0,32
BRDA:70,1,0,14
BRDA:76,2,0,18
BRDA:78,3,0,2
BRDA:80,4,0,16
BRDA:32,5,0,14
BRDA:33,6,0,14
BRDA:35,7,0,13
BRDA:36,8,0,1
BRDA:38,9,0,12
BRDA:42,10,0,1
BRDA:51,11,0,1
BRDA:52,12,0,1
BRDA:55,13,0,1
BRDA:56,14,0,1
BRDA:59,15,0,1
BRDA:63,16,0,27
BRDA:64,17,0,26
BRDA:64,18,0,12
BRDA:66,19,0,12
BRDA:85,20,0,1
BRDA:86,21,0,1
BRDA:89,22,0,48
BRDA:92,23,0,16
BRDA:92,24,0,32
BRDA:98,25,0,16
BRDA:98,26,0,32
BRDA:122,27,0,48
BRDA:125,28,0,16
BRDA:125,29,0,32
BRDA:125,30,0,5
BRDA:125,31,0,43
BRDA:126,32,0,1
BRF:33
BRH:33
end_of_record
TN:
SF:src/components/ImageCarousel.tsx
FN:10,ImageCarousel
FN:24,handleNext
FN:31,handlePrevious
FN:38,goToSlide
FN:94,onClick
FNF:5
FNH:5
FNDA:19,ImageCarousel
FNDA:3,handleNext
FNDA:1,handlePrevious
FNDA:1,goToSlide
FNDA:1,onClick
DA:1,1
DA:10,19
DA:11,19
DA:12,19
DA:14,19
DA:15,15
DA:17,11
DA:18,1
DA:19,11
DA:21,11
DA:22,19
DA:24,19
DA:25,3
DA:26,3
DA:27,3
DA:28,3
DA:29,3
DA:31,19
DA:32,1
DA:33,1
DA:34,1
DA:35,1
DA:36,1
DA:38,19
DA:39,1
DA:40,1
DA:41,1
DA:42,1
DA:43,1
DA:45,19
DA:46,2
DA:47,2
DA:49,17
DA:50,17
DA:51,17
DA:52,17
DA:53,17
DA:54,17
DA:56,17
DA:57,49
DA:58,49
DA:59,49
DA:60,49
DA:61,49
DA:62,49
DA:63,49
DA:64,17
DA:65,17
DA:67,17
DA:68,16
DA:69,16
DA:70,16
DA:71,16
DA:72,16
DA:74,16
DA:75,16
DA:76,16
DA:77,16
DA:79,16
DA:80,16
DA:81,16
DA:82,16
DA:84,16
DA:85,16
DA:86,16
DA:87,16
DA:89,16
DA:90,16
DA:91,48
DA:92,48
DA:93,48
DA:94,48
DA:95,48
DA:96,48
DA:97,16
DA:98,16
DA:99,16
DA:101,19
DA:102,19
DA:104,19
LF:80
LH:80
BRDA:10,0,0,19
BRDA:45,1,0,2
BRDA:47,2,0,17
BRDA:67,3,0,16
BRDA:14,4,0,15
BRDA:15,5,0,14
BRDA:15,6,0,4
BRDA:15,7,0,11
BRDA:17,8,0,1
BRDA:21,9,0,11
BRDA:24,10,0,3
BRDA:25,11,0,0
BRDA:27,12,0,3
BRDA:28,13,0,2
BRDA:31,14,0,1
BRDA:32,15,0,0
BRDA:34,16,0,1
BRDA:35,17,0,1
BRDA:38,18,0,1
BRDA:39,19,0,0
BRDA:42,20,0,1
BRDA:56,21,0,49
BRDA:90,22,0,48
BRDA:93,23,0,16
BRDA:93,24,0,32
BRDA:94,25,0,1
BRF:26
BRH:23
end_of_record
TN:
SF:src/components/Layout.tsx
FN:31,getSocialIcon
FN:41,Layout
FN:59,loadContactInfo
FN:75,loadBannerSettings
FN:96,loadFooterContent
FN:140,handleDonateClick
FN:255,onClose
FNF:7
FNH:5
FNDA:0,getSocialIcon
FNDA:3,Layout
FNDA:1,loadContactInfo
FNDA:1,loadBannerSettings
FNDA:1,loadFooterContent
FNDA:1,handleDonateClick
FNDA:0,onClose
DA:1,1
DA:31,1
DA:32,0
DA:33,0
DA:34,0
DA:35,0
DA:36,0
DA:37,0
DA:38,0
DA:39,0
DA:41,3
DA:42,3
DA:43,3
DA:44,3
DA:45,3
DA:46,3
DA:47,3
DA:48,3
DA:49,3
DA:50,3
DA:51,3
DA:52,3
DA:55,3
DA:56,3
DA:58,3
DA:59,1
DA:60,1
DA:61,1
DA:62,1
DA:63,1
DA:64,1
DA:65,0
DA:66,0
DA:67,1
DA:68,1
DA:69,1
DA:70,1
DA:71,1
DA:72,3
DA:74,3
DA:75,1
DA:76,1
DA:77,1
DA:78,1
DA:79,1
DA:80,1
DA:81,1
DA:82,0
DA:83,0
DA:84,0
DA:85,0
DA:86,0
DA:87,1
DA:88,1
DA:89,0
DA:90,0
DA:91,1
DA:92,1
DA:93,3
DA:95,3
DA:96,1
DA:97,1
DA:99,1
DA:100,1
DA:101,1
DA:103,1
DA:104,1
DA:105,1
DA:106,1
DA:107,1
DA:110,1
DA:111,1
DA:112,1
DA:115,1
DA:116,0
DA:117,0
DA:118,0
DA:119,0
DA:120,0
DA:121,0
DA:122,0
DA:123,0
DA:124,0
DA:125,0
DA:126,0
DA:127,0
DA:128,0
DA:129,1
DA:130,1
DA:131,1
DA:132,0
DA:133,1
DA:134,1
DA:135,1
DA:136,1
DA:137,1
DA:138,3
DA:140,3
DA:141,1
DA:142,1
DA:143,1
DA:145,3
DA:146,3
DA:147,3
DA:148,0
DA:149,0
DA:150,0
DA:152,3
DA:154,3
DA:155,3
DA:156,3
DA:157,3
DA:158,3
DA:159,3
DA:160,3
DA:161,3
DA:162,3
DA:163,3
DA:164,3
DA:165,3
DA:167,3
DA:168,3
DA:169,3
DA:170,3
DA:172,3
DA:173,3
DA:174,3
DA:175,3
DA:176,3
DA:178,3
DA:179,3
DA:180,3
DA:181,3
DA:182,3
DA:183,3
DA:184,3
DA:185,3
DA:186,3
DA:188,3
DA:189,3
DA:190,3
DA:191,3
DA:192,3
DA:193,3
DA:194,3
DA:195,3
DA:197,3
DA:198,3
DA:199,3
DA:200,3
DA:201,3
DA:202,3
DA:204,3
DA:205,2
DA:206,2
DA:207,2
DA:208,0
DA:209,2
DA:210,0
DA:212,2
DA:213,2
DA:214,2
DA:215,0
DA:216,0
DA:217,0
DA:218,0
DA:219,0
DA:220,0
DA:221,0
DA:223,0
DA:224,0
DA:225,0
DA:226,2
DA:228,2
DA:230,3
DA:232,3
DA:233,3
DA:234,3
DA:235,0
DA:236,0
DA:237,0
DA:238,0
DA:239,0
DA:240,0
DA:241,0
DA:242,0
DA:243,0
DA:245,0
DA:246,0
DA:247,0
DA:248,0
DA:250,3
DA:251,3
DA:252,3
DA:253,3
DA:255,3
DA:256,3
DA:258,3
LF:198
LH:139
BRDA:41,0,0,3
BRDA:147,1,0,0
BRDA:204,2,0,2
BRDA:204,3,0,2
BRDA:207,4,0,0
BRDA:209,5,0,0
BRDA:214,6,0,0
BRDA:234,7,0,2
BRDA:234,8,0,0
BRDA:58,9,0,1
BRDA:59,10,0,1
BRDA:64,11,0,0
BRDA:74,12,0,1
BRDA:75,13,0,1
BRDA:81,14,0,0
BRDA:81,15,0,0
BRDA:88,16,0,0
BRDA:95,17,0,1
BRDA:96,18,0,1
BRDA:131,19,0,0
BRDA:140,20,0,1
BRF:21
BRH:11
end_of_record
TN:
SF:src/components/LoadingSpinner.tsx
FN:10,LoadingSpinner
FNF:1
FNH:1
FNDA:6,LoadingSpinner
DA:1,1
DA:2,1
DA:10,1
DA:11,6
DA:12,6
DA:13,6
DA:14,6
DA:15,6
DA:16,6
DA:17,6
DA:18,6
DA:19,6
DA:20,6
DA:22,6
DA:24,1
LF:15
LH:15
BRDA:10,0,0,6
BRDA:18,1,0,1
BRF:2
BRH:2
end_of_record
TN:
SF:src/components/SkeletonLoader.tsx
FN:11,SkeletonLoader
FNF:1
FNH:1
FNDA:161,SkeletonLoader
DA:1,1
DA:11,161
DA:12,161
DA:13,161
DA:14,161
DA:15,161
DA:16,161
DA:17,161
DA:18,161
DA:19,34
DA:20,34
DA:21,34
DA:22,34
DA:23,34
DA:24,34
DA:25,34
DA:26,34
DA:27,34
DA:28,34
DA:29,34
DA:30,34
DA:31,34
DA:33,34
DA:35,127
DA:36,117
DA:37,117
DA:38,117
DA:39,117
DA:40,117
DA:41,117
DA:42,117
DA:43,117
DA:44,117
DA:45,117
DA:46,117
DA:47,117
DA:48,117
DA:49,117
DA:51,117
DA:53,25
DA:54,0
DA:55,0
DA:56,0
DA:57,0
DA:58,0
DA:60,0
DA:62,25
DA:63,5
DA:64,5
DA:65,5
DA:66,15
DA:67,15
DA:68,15
DA:69,15
DA:70,5
DA:71,5
DA:73,5
DA:75,5
DA:76,5
DA:77,5
DA:78,5
DA:79,5
DA:80,5
DA:81,5
DA:82,5
DA:83,5
DA:84,5
DA:86,5
DA:88,0
DA:89,0
DA:91,0
LF:71
LH:62
BRDA:11,0,0,161
BRDA:18,1,0,34
BRDA:33,2,0,127
BRDA:35,3,0,117
BRDA:51,4,0,25
BRDA:51,5,0,10
BRDA:53,6,0,0
BRDA:60,7,0,10
BRDA:62,8,0,5
BRDA:77,9,0,0
BRDA:86,10,0,0
BRDA:21,11,0,34
BRDA:26,12,0,0
BRDA:27,13,0,0
BRDA:65,14,0,15
BRF:15
BRH:10
end_of_record
TN:
SF:src/components/Spinner.tsx
FN:11,Spinner
FNF:1
FNH:1
FNDA:2,Spinner
DA:1,1
DA:11,2
DA:12,2
DA:13,2
DA:14,2
DA:15,2
DA:16,2
DA:17,2
DA:18,2
DA:19,2
DA:21,2
DA:22,2
DA:23,2
DA:24,2
DA:25,2
DA:26,2
DA:27,2
DA:29,2
LF:18
LH:18
BRDA:11,0,0,2
BRDA:19,1,0,0
BRDA:26,2,0,0
BRF:3
BRH:1
end_of_record
TN:
SF:src/components/ToastProvider.tsx
FN:18,ToastProvider
FN:46,onClick
FN:57,useToast
FNF:3
FNH:2
FNDA:5,ToastProvider
FNDA:0,onClick
FNDA:5,useToast
DA:1,1
DA:16,1
DA:18,1
DA:19,5
DA:21,5
DA:22,2
DA:23,5
DA:25,5
DA:26,5
DA:27,2
DA:28,2
DA:29,2
DA:30,2
DA:31,2
DA:32,5
DA:33,5
DA:35,5
DA:37,5
DA:38,5
DA:39,5
DA:40,5
DA:41,5
DA:42,1
DA:43,1
DA:44,1
DA:45,1
DA:46,1
DA:47,1
DA:49,1
DA:50,1
DA:51,5
DA:52,5
DA:53,5
DA:55,5
DA:57,1
DA:58,5
DA:59,5
DA:60,2
DA:61,2
DA:62,2
DA:63,2
LF:41
LH:41
BRDA:18,0,0,5
BRDA:21,1,0,2
BRDA:22,2,0,2
BRDA:22,3,0,2
BRDA:26,4,0,2
BRDA:27,5,0,0
BRDA:29,6,0,2
BRDA:30,7,0,2
BRDA:35,8,0,2
BRDA:41,9,0,1
BRDA:57,10,0,5
BRDA:59,11,0,2
BRF:12
BRH:11
end_of_record
TN:
SF:src/components/sections/FeaturedCampaignsSection.tsx
FN:15,FeaturedCampaignsSection
FN:25,loadCampaigns
FNF:2
FNH:2
FNDA:2,FeaturedCampaignsSection
FNDA:1,loadCampaigns
DA:1,1
DA:15,2
DA:16,2
DA:17,2
DA:18,2
DA:19,2
DA:21,2
DA:22,2
DA:24,2
DA:25,1
DA:26,1
DA:27,1
DA:28,1
DA:29,1
DA:30,1
DA:31,0
DA:32,0
DA:33,0
DA:34,1
DA:36,1
DA:37,2
DA:39,2
DA:40,1
DA:41,1
DA:42,1
DA:43,1
DA:44,1
DA:45,1
DA:46,1
DA:48,1
DA:50,1
DA:51,1
DA:52,1
DA:53,1
DA:54,1
DA:55,0
DA:57,1
DA:58,1
DA:59,1
DA:60,1
DA:61,1
DA:63,2
DA:64,2
DA:66,2
LF:44
LH:40
BRDA:15,0,0,2
BRDA:39,1,0,1
BRDA:54,2,0,0
BRDA:55,3,0,1
BRDA:24,4,0,1
BRDA:25,5,0,1
BRDA:30,6,0,0
BRDA:58,7,0,1
BRF:8
BRH:6
end_of_record
TN:
SF:src/components/sections/HeroSection.tsx
FN:13,HeroSection
FNF:1
FNH:1
FNDA:1,HeroSection
DA:1,1
DA:13,1
DA:14,1
DA:15,1
DA:16,1
DA:17,1
DA:18,1
DA:19,1
DA:21,1
DA:22,1
DA:23,1
DA:24,1
DA:25,1
DA:26,1
DA:27,1
DA:28,1
DA:29,1
DA:30,1
DA:32,1
LF:19
LH:19
BRDA:13,0,0,1
BRF:1
BRH:1
end_of_record
TN:
SF:src/components/sections/StatsSection.tsx
FN:12,StatsSection
FN:18,loadStats
FNF:2
FNH:2
FNDA:2,StatsSection
FNDA:1,loadStats
DA:1,1
DA:12,2
DA:13,2
DA:14,2
DA:15,2
DA:17,2
DA:18,1
DA:19,1
DA:20,1
DA:21,1
DA:22,1
DA:23,1
DA:24,0
DA:25,0
DA:26,0
DA:27,1
DA:29,1
DA:30,2
DA:32,2
DA:33,1
DA:34,1
DA:36,1
DA:37,1
DA:38,1
DA:39,1
DA:40,1
DA:41,1
DA:42,1
DA:43,1
DA:44,1
DA:45,1
DA:46,1
DA:47,0
DA:48,0
DA:49,0
DA:50,0
DA:51,0
DA:52,0
DA:53,0
DA:54,0
DA:55,0
DA:56,0
DA:57,0
DA:58,0
DA:59,0
DA:60,0
DA:61,0
DA:62,0
DA:63,0
DA:64,0
DA:66,2
DA:67,2
DA:68,2
DA:70,2
LF:54
LH:33
BRDA:12,0,0,2
BRDA:32,1,0,1
BRDA:46,2,0,0
BRDA:17,3,0,1
BRDA:18,4,0,1
BRDA:23,5,0,0
BRDA:41,6,0,1
BRDA:42,7,0,0
BRF:8
BRH:5
end_of_record
TN:
SF:src/components/sections/WhyDonateSection.tsx
FN:12,WhyDonateSection
FN:21,loadContent
FNF:2
FNH:2
FNDA:2,WhyDonateSection
FNDA:1,loadContent
DA:1,1
DA:12,2
DA:13,2
DA:14,2
DA:15,2
DA:17,2
DA:18,2
DA:20,2
DA:21,1
DA:22,1
DA:23,1
DA:24,1
DA:25,1
DA:26,1
DA:27,0
DA:28,0
DA:29,0
DA:30,1
DA:32,1
DA:33,2
DA:35,2
DA:36,1
DA:37,1
DA:39,2
DA:41,2
DA:42,2
DA:43,2
DA:44,2
DA:45,2
DA:46,2
DA:47,2
DA:48,2
DA:49,2
DA:50,2
DA:51,2
DA:52,2
DA:53,2
DA:54,2
DA:55,2
DA:56,2
DA:57,2
DA:58,2
DA:59,2
DA:60,2
DA:62,2
LF:45
LH:42
BRDA:12,0,0,2
BRDA:35,1,0,1
BRDA:39,2,0,0
BRDA:47,3,0,1
BRDA:48,4,0,1
BRDA:51,5,0,1
BRDA:52,6,0,1
BRDA:55,7,0,1
BRDA:56,8,0,1
BRDA:20,9,0,1
BRDA:21,10,0,1
BRDA:26,11,0,0
BRF:12
BRH:10
end_of_record
TN:
SF:src/config/constants.ts
FN:22,USER_BY_ID
FN:23,USER_STATUS
FN:24,USER_PASSWORD
FN:31,BY_ID
FN:32,BY_SLUG
FN:40,BY_ID
FN:41,BY_SLUG
FN:43,SET_SPOTLIGHT
FN:49,BY_ID
FN:56,CONTENT
FN:80,SLIDE_BY_ID
FN:87,SECTION_BY_ID
FNF:12
FNH:0
FNDA:0,USER_BY_ID
FNDA:0,USER_STATUS
FNDA:0,USER_PASSWORD
FNDA:0,BY_ID
FNDA:0,BY_SLUG
FNDA:0,BY_ID
FNDA:0,BY_SLUG
FNDA:0,SET_SPOTLIGHT
FNDA:0,BY_ID
FNDA:0,CONTENT
FNDA:0,SLIDE_BY_ID
FNDA:0,SECTION_BY_ID
DA:6,1
DA:9,1
DA:11,1
DA:12,1
DA:13,1
DA:14,1
DA:15,1
DA:16,1
DA:17,1
DA:20,1
DA:21,1
DA:22,1
DA:23,1
DA:24,1
DA:25,1
DA:28,1
DA:29,1
DA:30,1
DA:31,1
DA:32,1
DA:33,1
DA:36,1
DA:37,1
DA:38,1
DA:39,1
DA:40,1
DA:41,1
DA:42,1
DA:43,1
DA:44,1
DA:47,1
DA:48,1
DA:49,1
DA:50,1
DA:51,1
DA:52,1
DA:55,1
DA:56,1
DA:57,1
DA:58,1
DA:59,1
DA:60,1
DA:61,1
DA:64,1
DA:65,1
DA:66,1
DA:67,1
DA:68,1
DA:71,1
DA:72,1
DA:73,1
DA:74,1
DA:75,1
DA:78,1
DA:79,1
DA:80,1
DA:81,1
DA:82,1
DA:85,1
DA:86,1
DA:87,1
DA:88,1
DA:89,1
DA:92,1
DA:94,1
DA:95,1
DA:98,1
DA:99,1
DA:102,1
DA:105,1
DA:106,1
DA:109,1
DA:110,1
DA:111,1
DA:112,1
DA:113,1
DA:114,1
DA:117,1
DA:118,1
DA:119,1
DA:120,1
DA:121,1
DA:122,1
DA:123,1
DA:126,1
DA:127,1
DA:128,1
DA:129,1
DA:132,1
DA:133,1
DA:134,1
DA:135,1
DA:138,1
DA:140,1
DA:141,1
DA:144,1
DA:145,1
DA:148,1
DA:149,1
DA:152,1
DA:155,1
DA:158,1
DA:159,1
DA:160,1
DA:161,1
DA:164,1
DA:165,1
DA:166,1
DA:169,1
DA:170,1
DA:171,1
DA:172,1
DA:173,1
DA:174,1
DA:175,1
DA:176,1
DA:179,1
DA:180,1
DA:181,1
DA:182,1
DA:183,1
DA:184,1
DA:185,1
DA:188,1
DA:189,1
DA:190,1
DA:191,1
DA:192,1
DA:195,1
DA:196,1
DA:197,1
DA:198,1
DA:199,1
DA:200,1
DA:201,1
DA:204,1
DA:205,1
DA:206,1
DA:207,1
DA:208,1
DA:209,1
DA:212,1
DA:213,1
DA:214,1
DA:215,1
DA:216,1
DA:217,1
DA:220,1
DA:221,1
DA:222,1
DA:223,1
DA:224,1
DA:225,1
DA:226,1
DA:229,1
DA:230,1
DA:231,1
DA:232,1
DA:233,1
DA:234,1
DA:235,1
DA:236,1
DA:239,1
DA:240,1
DA:241,1
DA:242,1
DA:243,1
DA:244,1
DA:245,1
DA:246,1
DA:249,1
DA:250,1
DA:251,1
DA:252,1
DA:253,1
DA:254,1
DA:255,1
DA:256,1
DA:257,1
DA:258,1
DA:259,1
DA:262,1
DA:263,1
DA:264,1
DA:265,1
DA:266,1
DA:267,1
LF:187
LH:187
BRDA:6,0,0,0
BRF:1
BRH:0
end_of_record
TN:
SF:src/contexts/ConfigContext.tsx
FN:41,ConfigProvider
FN:46,fetchConfig
FN:96,useConfig
FN:105,applyThemeVariables
FN:136,useSiteName
FN:141,useSiteTagline
FN:146,useSiteLogo
FN:151,useFeaturedCampaignsCount
FN:157,useCampaignsPerPage
FNF:9
FNH:7
FNDA:30,ConfigProvider
FNDA:15,fetchConfig
FNDA:78,useConfig
FNDA:15,applyThemeVariables
FNDA:41,useSiteName
FNDA:0,useSiteTagline
FNDA:3,useSiteLogo
FNDA:0,useFeaturedCampaignsCount
FNDA:34,useCampaignsPerPage
DA:1,1
DA:25,1
DA:28,1
DA:29,1
DA:30,1
DA:31,1
DA:32,1
DA:33,1
DA:34,1
DA:35,1
DA:36,1
DA:37,1
DA:38,1
DA:39,1
DA:41,1
DA:42,30
DA:43,30
DA:44,30
DA:46,30
DA:47,15
DA:48,15
DA:49,15
DA:51,15
DA:52,15
DA:53,15
DA:54,15
DA:55,15
DA:57,15
DA:58,0
DA:59,0
DA:61,15
DA:64,15
DA:65,15
DA:68,15
DA:70,15
DA:71,0
DA:72,0
DA:75,0
DA:76,0
DA:77,15
DA:78,15
DA:79,15
DA:80,15
DA:82,30
DA:83,15
DA:84,30
DA:86,30
DA:87,30
DA:88,30
DA:89,30
DA:90,30
DA:91,30
DA:93,30
DA:94,30
DA:96,1
DA:97,78
DA:98,78
DA:99,0
DA:100,0
DA:101,78
DA:102,78
DA:105,15
DA:106,15
DA:109,15
DA:110,15
DA:111,15
DA:112,15
DA:113,15
DA:115,15
DA:116,45
DA:117,45
DA:118,45
DA:119,45
DA:120,15
DA:123,15
DA:124,15
DA:125,15
DA:126,15
DA:127,2
DA:128,2
DA:129,2
DA:130,2
DA:131,15
DA:132,15
DA:133,15
DA:136,1
DA:137,41
DA:138,41
DA:139,41
DA:141,1
DA:142,0
DA:143,0
DA:144,0
DA:146,1
DA:147,3
DA:148,3
DA:149,3
DA:151,1
DA:152,0
DA:153,0
DA:154,0
DA:155,0
DA:157,1
DA:158,34
DA:159,34
DA:160,34
DA:161,34
LF:107
LH:92
BRDA:41,0,0,30
BRDA:46,1,0,15
BRDA:57,2,0,0
BRDA:70,3,0,0
BRDA:82,4,0,15
BRDA:96,5,0,78
BRDA:98,6,0,0
BRDA:105,7,0,15
BRDA:126,8,0,2
BRDA:115,9,0,45
BRDA:136,10,0,41
BRDA:138,11,0,0
BRDA:146,12,0,3
BRDA:148,13,0,0
BRDA:157,14,0,34
BRDA:159,15,0,0
BRF:16
BRH:10
end_of_record
TN:
SF:src/hooks/useCMSContent.ts
FN:9,useCMSContent
FN:16,load
FNF:2
FNH:2
FNDA:4,useCMSContent
FNDA:4,load
DA:1,1
DA:9,1
DA:10,4
DA:11,4
DA:13,4
DA:14,4
DA:16,4
DA:17,4
DA:18,4
DA:19,0
DA:20,0
DA:21,0
DA:22,0
DA:23,4
DA:25,0
DA:26,0
DA:27,0
DA:28,4
DA:30,4
DA:31,4
DA:32,4
DA:34,4
DA:35,4
LF:23
LH:16
BRDA:9,0,0,4
BRDA:13,1,0,4
BRDA:16,2,0,4
BRDA:18,3,0,0
BRDA:23,4,0,0
BRDA:31,5,0,4
BRF:6
BRH:4
end_of_record
TN:
SF:src/hooks/useDebounce.ts
FN:9,useDebounce
FNF:1
FNH:1
FNDA:3,useDebounce
DA:1,1
DA:9,1
DA:10,3
DA:12,3
DA:13,2
DA:14,1
DA:15,2
DA:17,2
DA:18,2
DA:19,2
DA:20,3
DA:22,3
DA:23,3
LF:13
LH:13
BRDA:9,0,0,3
BRDA:12,1,0,2
BRDA:13,2,0,1
BRDA:17,3,0,2
BRF:4
BRH:4
end_of_record
TN:
SF:src/hooks/usePaginationParams.ts
FN:30,usePaginationParams
FNF:1
FNH:1
FNDA:16,usePaginationParams
DA:1,1
DA:22,1
DA:23,1
DA:24,1
DA:25,1
DA:30,1
DA:31,16
DA:33,16
DA:34,2
DA:35,2
DA:36,2
DA:37,2
DA:38,2
DA:39,16
DA:41,16
DA:42,8
DA:43,8
DA:44,8
DA:45,8
DA:46,8
DA:47,8
DA:49,8
DA:51,16
DA:53,16
DA:54,16
DA:55,16
DA:56,16
DA:57,16
DA:59,16
DA:60,1
DA:61,1
DA:62,1
DA:63,1
DA:64,1
DA:65,16
DA:67,16
DA:68,16
LF:37
LH:37
BRDA:30,0,0,16
BRDA:33,1,0,2
BRDA:34,2,0,0
BRDA:35,3,0,0
BRDA:36,4,0,0
BRDA:37,5,0,0
BRDA:38,6,0,0
BRDA:41,7,0,8
BRDA:43,8,0,3
BRDA:44,9,0,7
BRDA:45,10,0,4
BRDA:46,11,0,7
BRDA:47,12,0,7
BRDA:53,13,0,1
BRDA:53,14,0,1
BRDA:54,15,0,1
BRDA:54,16,0,1
BRDA:55,17,0,1
BRDA:55,18,0,1
BRDA:56,19,0,1
BRDA:56,20,0,1
BRDA:57,21,0,1
BRDA:57,22,0,1
BRDA:59,23,0,1
BRF:24
BRH:19
end_of_record
TN:
SF:src/pages/AccessibilityPage.tsx
FN:6,AccessibilityPage
FNF:1
FNH:1
FNDA:1,AccessibilityPage
DA:1,1
DA:6,1
DA:7,1
DA:8,1
DA:9,1
DA:11,1
DA:12,1
DA:13,1
DA:14,1
DA:15,1
DA:16,1
DA:17,1
DA:18,1
DA:20,1
DA:21,0
DA:23,1
DA:24,1
DA:25,1
DA:26,1
DA:28,1
DA:29,1
DA:31,1
DA:32,1
DA:33,1
DA:35,1
DA:36,1
DA:38,1
DA:39,1
DA:40,1
DA:42,1
DA:43,1
DA:44,1
DA:45,1
DA:46,1
DA:47,1
DA:48,1
DA:49,1
DA:50,1
DA:52,1
DA:53,1
DA:54,1
DA:56,1
DA:57,1
DA:58,1
DA:59,1
DA:60,1
DA:61,1
DA:62,1
DA:63,1
DA:64,1
DA:65,1
DA:67,1
DA:68,1
DA:69,1
DA:71,1
DA:72,1
DA:74,1
DA:75,1
DA:76,1
DA:78,1
DA:79,1
DA:80,1
DA:81,1
DA:82,1
DA:84,1
DA:85,1
DA:87,1
DA:88,1
DA:89,1
DA:91,1
DA:92,1
DA:93,1
DA:94,1
DA:95,1
DA:96,1
DA:97,1
DA:98,1
DA:100,1
DA:101,1
DA:102,1
DA:104,1
DA:105,1
DA:106,1
DA:108,1
DA:110,1
LF:85
LH:84
BRDA:6,0,0,1
BRDA:20,1,0,0
BRDA:20,2,0,0
BRF:3
BRH:1
end_of_record
TN:
SF:src/pages/AdminCMS.tsx
FN:44,AdminCMS
FN:68,loadContent
FN:100,handleDelete
FN:116,handleSave
FN:140,renderTestimonials
FN:146,onClick
FN:156,onCancel
FN:166,onSave
FN:167,onCancel
FN:183,onClick
FN:189,onClick
FN:202,renderStats
FN:208,onClick
FN:218,onCancel
FN:228,onSave
FN:229,onCancel
FN:245,onClick
FN:251,onClick
FN:264,renderSocialMedia
FN:270,onClick
FN:280,onCancel
FN:290,onSave
FN:291,onCancel
FN:309,onClick
FN:315,onClick
FN:328,renderCarousel
FN:334,onClick
FN:344,onCancel
FN:354,onSave
FN:355,onCancel
FN:370,onClick
FN:376,onClick
FN:399,onClick
FN:405,onClick
FN:411,onClick
FN:417,onClick
FN:435,TestimonialForm
FN:448,handleSubmit
FN:459,onChange
FN:466,onChange
FN:471,onChange
FN:479,onChange
FN:485,onChange
FN:497,StatForm
FN:510,handleSubmit
FN:521,onChange
FN:528,onChange
FN:535,onChange
FN:541,onChange
FN:547,onChange
FN:559,SocialMediaForm
FN:572,handleSubmit
FN:583,onChange
FN:590,onChange
FN:597,onChange
FN:604,onChange
FN:610,onChange
FN:622,CarouselForm
FN:634,handleSubmit
FN:645,onChange
FN:652,onChange
FN:658,onChange
FN:664,onChange
FNF:63
FNH:43
FNDA:101,AdminCMS
FNDA:38,loadContent
FNDA:1,handleDelete
FNDA:4,handleSave
FNDA:24,renderTestimonials
FNDA:3,onClick
FNDA:0,onCancel
FNDA:0,onSave
FNDA:0,onCancel
FNDA:0,onClick
FNDA:1,onClick
FNDA:12,renderStats
FNDA:3,onClick
FNDA:0,onCancel
FNDA:0,onSave
FNDA:0,onCancel
FNDA:0,onClick
FNDA:0,onClick
FNDA:16,renderSocialMedia
FNDA:3,onClick
FNDA:0,onCancel
FNDA:0,onSave
FNDA:1,onCancel
FNDA:1,onClick
FNDA:0,onClick
FNDA:16,renderCarousel
FNDA:3,onClick
FNDA:0,onCancel
FNDA:0,onSave
FNDA:1,onCancel
FNDA:1,onClick
FNDA:0,onClick
FNDA:0,onClick
FNDA:4,onClick
FNDA:5,onClick
FNDA:5,onClick
FNDA:9,TestimonialForm
FNDA:1,handleSubmit
FNDA:2,onChange
FNDA:1,onChange
FNDA:2,onChange
FNDA:1,onChange
FNDA:0,onChange
FNDA:9,StatForm
FNDA:1,handleSubmit
FNDA:2,onChange
FNDA:2,onChange
FNDA:1,onChange
FNDA:1,onChange
FNDA:0,onChange
FNDA:11,SocialMediaForm
FNDA:1,handleSubmit
FNDA:2,onChange
FNDA:2,onChange
FNDA:2,onChange
FNDA:1,onChange
FNDA:0,onChange
FNDA:8,CarouselForm
FNDA:1,handleSubmit
FNDA:2,onChange
FNDA:1,onChange
FNDA:1,onChange
FNDA:0,onChange
DA:1,1
DA:2,1
DA:3,1
DA:4,1
DA:5,1
DA:44,101
DA:45,101
DA:46,101
DA:47,101
DA:48,101
DA:49,101
DA:50,101
DA:51,101
DA:52,101
DA:53,101
DA:54,101
DA:57,101
DA:58,19
DA:59,19
DA:60,1
DA:61,1
DA:62,101
DA:64,101
DA:65,33
DA:66,101
DA:68,101
DA:69,38
DA:70,38
DA:72,38
DA:73,38
DA:75,38
DA:77,37
DA:79,37
DA:80,38
DA:81,20
DA:82,20
DA:83,38
DA:84,5
DA:85,5
DA:86,38
DA:87,6
DA:88,6
DA:89,38
DA:90,6
DA:91,6
DA:92,38
DA:93,38
DA:94,1
DA:95,38
DA:96,38
DA:97,38
DA:98,38
DA:100,101
DA:101,1
DA:103,1
DA:104,1
DA:105,1
DA:106,1
DA:108,1
DA:110,1
DA:111,1
DA:112,0
DA:113,0
DA:114,1
DA:116,101
DA:117,4
DA:118,4
DA:119,0
DA:120,4
DA:122,4
DA:123,4
DA:124,4
DA:125,4
DA:126,4
DA:127,4
DA:128,4
DA:130,4
DA:132,4
DA:133,4
DA:134,4
DA:135,4
DA:136,0
DA:137,0
DA:138,4
DA:140,101
DA:141,24
DA:142,24
DA:143,24
DA:144,24
DA:145,24
DA:146,24
DA:147,24
DA:148,24
DA:150,24
DA:151,24
DA:153,24
DA:154,3
DA:155,3
DA:156,3
DA:157,3
DA:160,24
DA:161,24
DA:162,17
DA:163,17
DA:164,0
DA:165,0
DA:166,0
DA:167,0
DA:168,0
DA:170,17
DA:171,17
DA:172,17
DA:173,17
DA:174,17
DA:175,17
DA:176,17
DA:177,17
DA:178,17
DA:179,17
DA:180,17
DA:181,17
DA:182,17
DA:183,17
DA:184,17
DA:186,17
DA:187,17
DA:188,17
DA:189,17
DA:190,17
DA:192,17
DA:193,17
DA:194,17
DA:196,17
DA:197,24
DA:198,24
DA:199,24
DA:202,101
DA:203,12
DA:204,12
DA:205,12
DA:206,12
DA:207,12
DA:208,12
DA:209,12
DA:210,12
DA:212,12
DA:213,12
DA:215,12
DA:216,3
DA:217,3
DA:218,3
DA:219,3
DA:222,12
DA:223,12
DA:224,5
DA:225,5
DA:226,0
DA:227,0
DA:228,0
DA:229,0
DA:230,0
DA:232,5
DA:233,5
DA:234,5
DA:235,5
DA:236,5
DA:237,5
DA:238,5
DA:239,5
DA:240,5
DA:241,5
DA:242,5
DA:243,5
DA:244,5
DA:245,5
DA:246,5
DA:248,5
DA:249,5
DA:250,5
DA:251,5
DA:252,5
DA:254,5
DA:255,5
DA:256,5
DA:258,5
DA:259,12
DA:260,12
DA:261,12
DA:264,101
DA:265,16
DA:266,16
DA:267,16
DA:268,16
DA:269,16
DA:270,16
DA:271,16
DA:272,16
DA:274,16
DA:275,16
DA:277,16
DA:278,3
DA:279,3
DA:280,3
DA:281,3
DA:284,16
DA:285,16
DA:286,8
DA:287,8
DA:288,1
DA:289,1
DA:290,1
DA:291,1
DA:292,1
DA:294,7
DA:295,7
DA:296,7
DA:297,7
DA:298,7
DA:299,7
DA:300,7
DA:301,7
DA:302,7
DA:303,7
DA:304,7
DA:305,7
DA:306,7
DA:307,7
DA:308,7
DA:309,7
DA:310,7
DA:312,7
DA:313,7
DA:314,7
DA:315,7
DA:316,7
DA:318,7
DA:319,7
DA:320,7
DA:322,8
DA:323,16
DA:324,16
DA:325,16
DA:328,101
DA:329,16
DA:330,16
DA:331,16
DA:332,16
DA:333,16
DA:334,16
DA:335,16
DA:336,16
DA:338,16
DA:339,16
DA:341,16
DA:342,3
DA:343,3
DA:344,3
DA:345,3
DA:348,16
DA:349,16
DA:350,8
DA:351,8
DA:352,1
DA:353,1
DA:354,1
DA:355,1
DA:356,1
DA:358,7
DA:359,7
DA:360,7
DA:361,7
DA:362,7
DA:363,7
DA:364,7
DA:365,7
DA:366,7
DA:367,7
DA:368,7
DA:369,7
DA:370,7
DA:371,7
DA:373,7
DA:374,7
DA:375,7
DA:376,7
DA:377,7
DA:379,7
DA:380,7
DA:381,7
DA:383,8
DA:384,16
DA:385,16
DA:386,16
DA:389,101
DA:391,68
DA:392,68
DA:393,68
DA:394,101
DA:396,101
DA:397,101
DA:398,101
DA:399,101
DA:400,101
DA:402,101
DA:403,101
DA:404,101
DA:405,101
DA:406,101
DA:408,101
DA:409,101
DA:410,101
DA:411,101
DA:412,101
DA:414,101
DA:415,101
DA:416,101
DA:417,101
DA:418,101
DA:420,101
DA:421,101
DA:423,101
DA:424,101
DA:425,101
DA:426,101
DA:427,101
DA:428,101
DA:429,101
DA:431,101
DA:435,9
DA:439,9
DA:440,9
DA:441,9
DA:442,9
DA:443,9
DA:444,9
DA:445,9
DA:446,9
DA:448,9
DA:449,1
DA:450,1
DA:451,1
DA:453,9
DA:454,9
DA:455,9
DA:456,9
DA:457,9
DA:458,9
DA:459,9
DA:460,9
DA:461,9
DA:462,9
DA:463,9
DA:464,9
DA:465,9
DA:466,9
DA:467,9
DA:468,9
DA:469,9
DA:470,9
DA:471,9
DA:472,9
DA:473,9
DA:474,9
DA:475,9
DA:476,9
DA:477,9
DA:478,9
DA:479,9
DA:480,9
DA:481,9
DA:482,9
DA:483,9
DA:484,9
DA:485,9
DA:486,9
DA:488,9
DA:489,9
DA:490,9
DA:491,9
DA:492,9
DA:493,9
DA:495,9
DA:497,9
DA:501,9
DA:502,9
DA:503,9
DA:504,9
DA:505,9
DA:506,9
DA:507,9
DA:508,9
DA:510,9
DA:511,1
DA:512,1
DA:513,1
DA:515,9
DA:516,9
DA:517,9
DA:518,9
DA:519,9
DA:520,9
DA:521,9
DA:522,9
DA:523,9
DA:524,9
DA:525,9
DA:526,9
DA:527,9
DA:528,9
DA:529,9
DA:530,9
DA:531,9
DA:532,9
DA:533,9
DA:534,9
DA:535,9
DA:536,9
DA:537,9
DA:538,9
DA:539,9
DA:540,9
DA:541,9
DA:542,9
DA:543,9
DA:544,9
DA:545,9
DA:546,9
DA:547,9
DA:548,9
DA:550,9
DA:551,9
DA:552,9
DA:553,9
DA:554,9
DA:555,9
DA:557,9
DA:559,11
DA:563,11
DA:564,11
DA:565,11
DA:566,11
DA:567,11
DA:568,11
DA:569,11
DA:570,11
DA:572,11
DA:573,1
DA:574,1
DA:575,1
DA:577,11
DA:578,11
DA:579,11
DA:580,11
DA:581,11
DA:582,11
DA:583,11
DA:584,11
DA:585,11
DA:586,11
DA:587,11
DA:588,11
DA:589,11
DA:590,11
DA:591,11
DA:592,11
DA:593,11
DA:594,11
DA:595,11
DA:596,11
DA:597,11
DA:598,11
DA:599,11
DA:600,11
DA:601,11
DA:602,11
DA:603,11
DA:604,11
DA:605,11
DA:606,11
DA:607,11
DA:608,11
DA:609,11
DA:610,11
DA:611,11
DA:613,11
DA:614,11
DA:615,11
DA:616,11
DA:617,11
DA:618,11
DA:620,11
DA:622,8
DA:626,8
DA:627,8
DA:628,8
DA:629,8
DA:630,8
DA:631,8
DA:632,8
DA:634,8
DA:635,1
DA:636,1
DA:637,1
DA:639,8
DA:640,8
DA:641,8
DA:642,8
DA:643,8
DA:644,8
DA:645,8
DA:646,8
DA:647,8
DA:648,8
DA:649,8
DA:650,8
DA:651,8
DA:652,8
DA:653,8
DA:654,8
DA:655,8
DA:656,8
DA:657,8
DA:658,8
DA:659,8
DA:660,8
DA:661,8
DA:662,8
DA:663,8
DA:664,8
DA:665,8
DA:667,8
DA:668,8
DA:669,8
DA:670,8
DA:671,8
DA:672,8
DA:674,8
DA:676,1
LF:538
LH:523
BRDA:44,0,0,101
BRDA:389,1,0,33
BRDA:389,2,0,68
BRDA:394,3,0,1
BRDA:398,4,0,24
BRDA:398,5,0,44
BRDA:404,6,0,12
BRDA:404,7,0,56
BRDA:410,8,0,16
BRDA:410,9,0,52
BRDA:416,10,0,16
BRDA:416,11,0,52
BRDA:424,12,0,24
BRDA:425,13,0,12
BRDA:426,14,0,16
BRDA:427,15,0,16
BRDA:57,16,0,19
BRDA:59,17,0,1
BRDA:64,18,0,33
BRDA:68,19,0,38
BRDA:75,20,0,0
BRDA:75,21,0,37
BRDA:80,22,0,20
BRDA:83,23,0,5
BRDA:86,24,0,6
BRDA:89,25,0,6
BRDA:93,26,0,1
BRDA:94,27,0,0
BRDA:100,28,0,1
BRDA:101,29,0,0
BRDA:108,30,0,0
BRDA:111,31,0,0
BRDA:116,32,0,4
BRDA:118,33,0,0
BRDA:123,34,0,0
BRDA:130,35,0,0
BRDA:135,36,0,0
BRDA:140,37,0,24
BRDA:153,38,0,3
BRDA:146,39,0,3
BRDA:161,40,0,17
BRDA:163,41,0,0
BRDA:172,42,0,0
BRDA:173,43,0,0
BRDA:189,44,0,1
BRDA:202,45,0,12
BRDA:215,46,0,3
BRDA:208,47,0,3
BRDA:223,48,0,5
BRDA:225,49,0,0
BRDA:234,50,0,0
BRDA:235,51,0,0
BRDA:264,52,0,16
BRDA:277,53,0,3
BRDA:270,54,0,3
BRDA:285,55,0,8
BRDA:287,56,0,1
BRDA:292,57,0,7
BRDA:296,58,0,0
BRDA:297,59,0,0
BRDA:291,60,0,1
BRDA:309,61,0,1
BRDA:328,62,0,16
BRDA:341,63,0,3
BRDA:334,64,0,3
BRDA:349,65,0,8
BRDA:351,66,0,1
BRDA:356,67,0,7
BRDA:360,68,0,0
BRDA:361,69,0,0
BRDA:365,70,0,0
BRDA:366,71,0,0
BRDA:355,72,0,1
BRDA:370,73,0,1
BRDA:405,74,0,4
BRDA:411,75,0,5
BRDA:417,76,0,5
BRDA:435,77,0,9
BRDA:441,78,0,0
BRDA:442,79,0,0
BRDA:443,80,0,0
BRDA:444,81,0,0
BRDA:445,82,0,0
BRDA:448,83,0,1
BRDA:459,84,0,2
BRDA:466,85,0,1
BRDA:471,86,0,2
BRDA:479,87,0,1
BRDA:497,88,0,9
BRDA:503,89,0,0
BRDA:504,90,0,0
BRDA:505,91,0,0
BRDA:506,92,0,0
BRDA:507,93,0,0
BRDA:534,94,0,7
BRDA:510,95,0,1
BRDA:521,96,0,2
BRDA:528,97,0,2
BRDA:535,98,0,1
BRDA:541,99,0,1
BRDA:559,100,0,11
BRDA:565,101,0,1
BRDA:565,102,0,10
BRDA:566,103,0,1
BRDA:566,104,0,10
BRDA:567,105,0,1
BRDA:567,106,0,10
BRDA:568,107,0,1
BRDA:568,108,0,10
BRDA:569,109,0,1
BRDA:569,110,0,10
BRDA:572,111,0,1
BRDA:583,112,0,2
BRDA:590,113,0,2
BRDA:597,114,0,2
BRDA:604,115,0,1
BRDA:622,116,0,8
BRDA:628,117,0,1
BRDA:628,118,0,7
BRDA:629,119,0,1
BRDA:629,120,0,7
BRDA:630,121,0,1
BRDA:630,122,0,7
BRDA:631,123,0,1
BRDA:631,124,0,7
BRDA:651,125,0,5
BRDA:634,126,0,1
BRDA:645,127,0,2
BRDA:652,128,0,1
BRDA:658,129,0,1
BRF:130
BRH:99
end_of_record
TN:
SF:src/pages/AdminCampaignForm.tsx
FN:23,getCurrencySymbol
FN:27,AdminCampaignForm
FN:66,loadCategories
FN:76,extractFilename
FN:83,loadCampaign
FN:123,handleImageUpload
FN:146,handleRemoveImage
FN:172,handleSubmit
FN:230,onClick
FN:241,onChange
FN:251,onChange
FN:262,onChange
FN:273,onChange
FN:289,onChange
FN:299,onChange
FN:313,onChange
FN:326,onChange
FN:338,onChange
FN:372,onChange
FN:385,onChange
FN:395,onChange
FN:405,onChange
FN:414,onClick
FNF:23
FNH:13
FNDA:48,getCurrencySymbol
FNDA:24,AdminCampaignForm
FNDA:6,loadCategories
FNDA:2,extractFilename
FNDA:2,loadCampaign
FNDA:0,handleImageUpload
FNDA:0,handleRemoveImage
FNDA:3,handleSubmit
FNDA:0,onClick
FNDA:1,onChange
FNDA:1,onChange
FNDA:1,onChange
FNDA:1,onChange
FNDA:0,onChange
FNDA:1,onChange
FNDA:1,onChange
FNDA:0,onChange
FNDA:0,onChange
FNDA:0,onChange
FNDA:1,onChange
FNDA:0,onChange
FNDA:0,onChange
FNDA:0,onClick
DA:1,1
DA:16,1
DA:17,1
DA:18,1
DA:19,1
DA:20,1
DA:21,1
DA:23,48
DA:24,48
DA:25,48
DA:27,24
DA:28,24
DA:29,24
DA:30,24
DA:31,24
DA:33,24
DA:34,24
DA:35,24
DA:36,24
DA:37,24
DA:38,24
DA:39,24
DA:40,24
DA:41,24
DA:42,24
DA:43,24
DA:44,24
DA:45,24
DA:46,24
DA:47,24
DA:48,24
DA:49,24
DA:50,24
DA:51,24
DA:53,24
DA:55,7
DA:56,7
DA:57,1
DA:58,1
DA:59,1
DA:60,6
DA:61,7
DA:62,2
DA:63,2
DA:64,24
DA:66,24
DA:67,6
DA:68,6
DA:69,6
DA:70,6
DA:71,6
DA:72,0
DA:73,0
DA:74,6
DA:76,24
DA:77,2
DA:78,2
DA:79,2
DA:80,2
DA:81,2
DA:83,24
DA:84,2
DA:85,2
DA:86,2
DA:87,0
DA:88,0
DA:89,0
DA:90,0
DA:91,2
DA:94,2
DA:95,0
DA:96,0
DA:97,0
DA:98,0
DA:100,2
DA:101,2
DA:102,2
DA:103,2
DA:104,2
DA:105,2
DA:106,2
DA:107,2
DA:108,2
DA:109,2
DA:110,2
DA:111,2
DA:112,2
DA:113,2
DA:114,2
DA:115,2
DA:116,2
DA:117,0
DA:118,0
DA:119,0
DA:120,0
DA:121,2
DA:123,24
DA:124,0
DA:125,0
DA:127,0
DA:128,0
DA:130,0
DA:131,0
DA:132,0
DA:133,0
DA:134,0
DA:135,0
DA:136,0
DA:137,0
DA:138,0
DA:139,0
DA:140,0
DA:141,0
DA:142,0
DA:143,0
DA:144,0
DA:146,24
DA:147,0
DA:148,0
DA:149,0
DA:150,0
DA:152,0
DA:153,0
DA:155,0
DA:156,0
DA:157,0
DA:158,0
DA:159,0
DA:160,0
DA:161,0
DA:162,0
DA:163,0
DA:164,0
DA:165,0
DA:166,0
DA:167,0
DA:168,0
DA:169,0
DA:170,0
DA:172,24
DA:173,3
DA:175,3
DA:178,3
DA:179,1
DA:180,1
DA:181,1
DA:182,3
DA:183,0
DA:184,0
DA:185,0
DA:186,3
DA:187,0
DA:188,0
DA:189,0
DA:191,2
DA:192,2
DA:193,2
DA:194,3
DA:195,3
DA:196,3
DA:198,3
DA:199,3
DA:200,3
DA:201,1
DA:202,1
DA:204,3
DA:206,3
DA:207,3
DA:208,3
DA:209,3
DA:210,3
DA:212,2
DA:213,2
DA:214,2
DA:215,3
DA:216,0
DA:217,0
DA:218,3
DA:219,0
DA:220,0
DA:221,3
DA:222,2
DA:223,2
DA:224,3
DA:226,24
DA:227,24
DA:228,24
DA:229,24
DA:230,24
DA:231,24
DA:233,24
DA:234,24
DA:235,24
DA:236,24
DA:237,24
DA:238,24
DA:239,24
DA:240,24
DA:241,24
DA:242,24
DA:243,24
DA:244,24
DA:246,24
DA:247,24
DA:248,24
DA:249,24
DA:250,24
DA:251,24
DA:252,24
DA:253,24
DA:254,24
DA:255,24
DA:257,24
DA:258,24
DA:259,24
DA:260,24
DA:261,24
DA:262,24
DA:263,24
DA:264,24
DA:265,24
DA:266,24
DA:268,24
DA:269,24
DA:270,24
DA:271,24
DA:272,24
DA:273,24
DA:274,24
DA:276,24
DA:277,24
DA:278,34
DA:279,24
DA:280,24
DA:281,24
DA:283,24
DA:284,24
DA:285,24
DA:286,24
DA:287,24
DA:288,24
DA:289,24
DA:290,24
DA:291,24
DA:292,24
DA:294,24
DA:295,24
DA:296,24
DA:297,24
DA:298,24
DA:299,24
DA:301,24
DA:302,96
DA:303,24
DA:304,24
DA:305,24
DA:307,24
DA:308,24
DA:309,24
DA:310,24
DA:311,24
DA:312,24
DA:313,24
DA:314,24
DA:315,24
DA:316,24
DA:317,24
DA:318,24
DA:320,24
DA:321,24
DA:322,24
DA:323,24
DA:324,24
DA:325,24
DA:326,24
DA:327,24
DA:328,24
DA:329,24
DA:330,24
DA:332,24
DA:333,24
DA:334,24
DA:335,24
DA:336,24
DA:337,24
DA:338,24
DA:339,24
DA:340,24
DA:341,24
DA:343,24
DA:344,24
DA:345,24
DA:346,24
DA:347,4
DA:348,4
DA:349,4
DA:351,4
DA:352,4
DA:354,24
DA:355,24
DA:356,24
DA:357,24
DA:358,24
DA:359,24
DA:360,24
DA:361,24
DA:362,0
DA:363,0
DA:365,0
DA:367,24
DA:368,24
DA:369,24
DA:370,24
DA:371,24
DA:372,24
DA:373,24
DA:374,24
DA:375,24
DA:376,24
DA:378,24
DA:379,24
DA:380,24
DA:381,24
DA:382,24
DA:383,24
DA:384,24
DA:385,24
DA:386,24
DA:388,24
DA:390,24
DA:391,24
DA:392,24
DA:393,24
DA:394,24
DA:395,24
DA:396,24
DA:398,24
DA:400,24
DA:401,24
DA:402,24
DA:403,24
DA:404,24
DA:405,24
DA:406,24
DA:408,24
DA:409,24
DA:410,24
DA:411,24
DA:413,24
DA:414,24
DA:415,24
DA:416,24
DA:417,24
DA:418,24
DA:419,24
DA:420,2
DA:422,22
DA:424,24
DA:425,24
DA:426,24
DA:427,24
DA:428,24
DA:430,24
LF:363
LH:295
BRDA:23,0,0,48
BRDA:24,1,0,0
BRDA:24,2,0,50
BRDA:27,3,0,24
BRDA:229,4,0,6
BRDA:229,5,0,18
BRDA:346,6,0,4
BRDA:361,7,0,0
BRDA:417,8,0,22
BRDA:419,9,0,2
BRDA:420,10,0,22
BRDA:422,11,0,5
BRDA:422,12,0,17
BRDA:53,13,0,7
BRDA:56,14,0,1
BRDA:59,15,0,6
BRDA:61,16,0,2
BRDA:66,17,0,6
BRDA:71,18,0,0
BRDA:76,19,0,2
BRDA:77,20,0,0
BRDA:80,21,0,0
BRDA:83,22,0,2
BRDA:86,23,0,0
BRDA:94,24,0,0
BRDA:101,25,0,0
BRDA:102,26,0,0
BRDA:103,27,0,0
BRDA:104,28,0,0
BRDA:105,29,0,0
BRDA:106,30,0,0
BRDA:108,31,0,0
BRDA:109,32,0,0
BRDA:110,33,0,0
BRDA:111,34,0,0
BRDA:112,35,0,0
BRDA:113,36,0,0
BRDA:114,37,0,0
BRDA:116,38,0,0
BRDA:172,39,0,3
BRDA:178,40,0,1
BRDA:181,41,0,2
BRDA:182,42,0,0
BRDA:185,43,0,2
BRDA:186,44,0,0
BRDA:189,45,0,2
BRDA:194,46,0,0
BRDA:195,47,0,1
BRDA:195,48,0,1
BRDA:200,49,0,1
BRDA:201,50,0,1
BRDA:204,51,0,1
BRDA:204,52,0,1
BRDA:210,53,0,2
BRDA:213,54,0,1
BRDA:213,55,0,1
BRDA:215,56,0,0
BRDA:218,57,0,0
BRDA:221,58,0,2
BRDA:241,59,0,1
BRDA:251,60,0,1
BRDA:262,61,0,1
BRDA:273,62,0,1
BRDA:277,63,0,34
BRDA:299,64,0,1
BRDA:301,65,0,96
BRDA:313,66,0,1
BRDA:385,67,0,1
BRF:68
BRH:42
end_of_record
TN:
SF:src/pages/AdminContactSettings.tsx
FN:22,AdminContactSettings
FN:43,loadContactInfo
FN:56,handleSave
FN:88,handleEmailChange
FN:92,handleLocationChange
FN:98,handleLinesChange
FN:103,addLocation
FN:114,removeLocation
FN:145,onChange
FN:163,onChange
FN:188,onClick
FN:205,onChange
FN:219,onChange
FN:236,onChange
FN:251,onChange
FN:266,onChange
FNF:16
FNH:10
FNDA:17,AdminContactSettings
FNDA:6,loadContactInfo
FNDA:2,handleSave
FNDA:1,handleEmailChange
FNDA:1,handleLocationChange
FNDA:0,handleLinesChange
FNDA:1,addLocation
FNDA:1,removeLocation
FNDA:0,onChange
FNDA:1,onChange
FNDA:1,onClick
FNDA:1,onChange
FNDA:0,onChange
FNDA:0,onChange
FNDA:0,onChange
FNDA:0,onChange
DA:1,1
DA:22,17
DA:23,17
DA:24,17
DA:25,17
DA:26,17
DA:27,17
DA:28,17
DA:29,17
DA:30,17
DA:31,17
DA:33,17
DA:35,6
DA:36,6
DA:37,1
DA:38,1
DA:39,1
DA:40,5
DA:41,17
DA:43,17
DA:44,6
DA:45,6
DA:46,6
DA:47,6
DA:48,6
DA:49,6
DA:50,0
DA:51,0
DA:52,0
DA:53,0
DA:54,6
DA:56,17
DA:58,2
DA:59,1
DA:60,1
DA:61,1
DA:64,1
DA:65,1
DA:66,0
DA:67,0
DA:68,0
DA:69,1
DA:71,1
DA:72,1
DA:73,1
DA:74,1
DA:75,1
DA:76,1
DA:77,1
DA:78,1
DA:79,1
DA:80,2
DA:81,0
DA:82,0
DA:83,2
DA:84,1
DA:85,1
DA:86,2
DA:88,17
DA:89,1
DA:90,1
DA:92,17
DA:93,1
DA:94,1
DA:95,1
DA:96,1
DA:98,17
DA:99,0
DA:100,0
DA:101,0
DA:103,17
DA:104,1
DA:105,1
DA:106,1
DA:107,1
DA:108,1
DA:109,1
DA:110,1
DA:111,1
DA:112,1
DA:114,17
DA:115,1
DA:116,1
DA:117,1
DA:118,1
DA:119,1
DA:121,17
DA:122,6
DA:123,6
DA:125,11
DA:126,11
DA:127,11
DA:128,11
DA:129,11
DA:130,11
DA:132,11
DA:135,11
DA:136,11
DA:137,11
DA:138,11
DA:139,11
DA:140,11
DA:141,11
DA:142,11
DA:143,11
DA:144,11
DA:145,11
DA:146,11
DA:147,11
DA:148,11
DA:149,17
DA:150,17
DA:151,17
DA:154,17
DA:155,17
DA:156,17
DA:157,17
DA:158,17
DA:159,17
DA:160,17
DA:161,17
DA:162,17
DA:163,17
DA:164,17
DA:165,17
DA:166,17
DA:167,17
DA:168,17
DA:171,17
DA:172,17
DA:173,17
DA:174,17
DA:176,17
DA:177,17
DA:178,17
DA:179,3
DA:181,3
DA:183,17
DA:184,8
DA:185,8
DA:186,8
DA:187,8
DA:188,8
DA:189,8
DA:190,8
DA:191,8
DA:193,8
DA:194,8
DA:196,8
DA:197,8
DA:198,8
DA:199,8
DA:200,8
DA:201,8
DA:202,8
DA:203,8
DA:204,8
DA:205,8
DA:206,8
DA:207,8
DA:208,8
DA:209,8
DA:211,8
DA:212,8
DA:213,8
DA:214,8
DA:215,8
DA:216,8
DA:217,8
DA:218,8
DA:219,8
DA:220,8
DA:221,8
DA:222,8
DA:223,8
DA:224,8
DA:225,8
DA:227,8
DA:228,8
DA:229,8
DA:230,8
DA:231,8
DA:232,8
DA:233,8
DA:234,8
DA:235,8
DA:236,8
DA:237,8
DA:238,8
DA:239,8
DA:240,8
DA:242,8
DA:243,8
DA:244,8
DA:245,8
DA:246,8
DA:247,8
DA:248,8
DA:249,8
DA:250,8
DA:251,8
DA:252,8
DA:253,8
DA:254,8
DA:255,8
DA:257,8
DA:258,8
DA:259,8
DA:260,8
DA:261,8
DA:262,8
DA:263,8
DA:264,8
DA:265,8
DA:266,8
DA:267,8
DA:268,8
DA:269,8
DA:270,8
DA:271,8
DA:272,8
DA:273,17
DA:274,17
DA:277,17
DA:278,17
DA:279,17
DA:280,17
DA:281,17
DA:283,17
DA:284,17
DA:285,17
DA:286,17
DA:288,17
DA:289,17
DA:290,17
DA:291,17
DA:292,17
DA:293,17
DA:295,17
DA:296,17
DA:297,17
DA:299,17
DA:300,17
DA:301,17
DA:303,17
DA:304,17
DA:305,17
DA:307,17
DA:308,17
DA:309,17
DA:310,17
DA:311,17
DA:312,17
DA:314,17
LF:254
LH:242
BRDA:22,0,0,17
BRDA:121,1,0,6
BRDA:123,2,0,11
BRDA:149,3,0,0
BRDA:178,4,0,3
BRDA:283,5,0,1
BRDA:283,6,0,10
BRDA:33,7,0,6
BRDA:36,8,0,1
BRDA:39,9,0,5
BRDA:43,10,0,6
BRDA:49,11,0,0
BRDA:56,12,0,2
BRDA:58,13,0,1
BRDA:65,14,0,0
BRDA:80,15,0,0
BRDA:83,16,0,1
BRDA:88,17,0,1
BRDA:92,18,0,1
BRDA:103,19,0,1
BRDA:114,20,0,1
BRDA:115,21,0,0
BRDA:116,22,0,0
BRDA:117,23,0,1
BRDA:163,24,0,1
BRDA:183,25,0,8
BRDA:186,26,0,1
BRDA:188,27,0,1
BRDA:205,28,0,1
BRF:29
BRH:23
end_of_record
TN:
SF:src/pages/AdminDonatePopupSettings.tsx
FN:7,AdminDonatePopupSettings
FN:27,loadData
FN:49,handleSave
FN:75,handleClear
FN:142,onChange
FNF:5
FNH:4
FNDA:6,AdminDonatePopupSettings
FNDA:2,loadData
FNDA:1,handleSave
FNDA:0,handleClear
FNDA:1,onChange
DA:1,1
DA:7,6
DA:8,6
DA:9,6
DA:11,6
DA:12,6
DA:13,6
DA:14,6
DA:15,6
DA:17,6
DA:19,2
DA:20,2
DA:21,1
DA:22,1
DA:23,1
DA:24,1
DA:25,6
DA:27,6
DA:28,2
DA:29,2
DA:32,2
DA:33,2
DA:34,2
DA:37,2
DA:38,2
DA:39,2
DA:41,2
DA:42,2
DA:43,0
DA:44,0
DA:45,0
DA:46,0
DA:47,2
DA:49,6
DA:50,1
DA:51,1
DA:52,1
DA:53,1
DA:54,1
DA:56,1
DA:58,1
DA:59,1
DA:60,1
DA:61,0
DA:62,1
DA:63,1
DA:66,1
DA:67,1
DA:68,0
DA:69,0
DA:70,1
DA:71,1
DA:72,1
DA:73,1
DA:75,6
DA:76,0
DA:77,0
DA:78,0
DA:79,0
DA:80,0
DA:81,0
DA:82,0
DA:83,0
DA:84,0
DA:85,0
DA:86,0
DA:87,0
DA:88,0
DA:90,6
DA:91,2
DA:92,2
DA:94,4
DA:95,4
DA:96,4
DA:97,4
DA:98,4
DA:99,4
DA:102,4
DA:104,4
DA:105,4
DA:106,4
DA:107,4
DA:108,4
DA:109,4
DA:110,4
DA:111,4
DA:112,4
DA:114,4
DA:115,4
DA:116,4
DA:117,4
DA:118,4
DA:119,4
DA:120,4
DA:121,4
DA:122,4
DA:123,4
DA:124,4
DA:125,0
DA:127,4
DA:128,4
DA:131,6
DA:132,6
DA:133,6
DA:134,6
DA:136,6
DA:137,6
DA:138,6
DA:139,6
DA:140,6
DA:141,6
DA:142,6
DA:143,6
DA:144,6
DA:145,6
DA:146,6
DA:147,6
DA:148,6
DA:149,6
DA:150,6
DA:151,6
DA:153,6
DA:154,6
DA:155,6
DA:156,8
DA:157,8
DA:158,8
DA:159,6
DA:160,6
DA:161,6
DA:162,6
DA:163,6
DA:165,6
DA:166,6
DA:167,6
DA:168,6
DA:169,6
DA:170,6
DA:171,6
DA:172,6
DA:173,6
DA:174,6
DA:175,6
DA:176,6
DA:177,6
DA:178,6
DA:179,6
DA:181,6
DA:182,6
DA:184,6
DA:185,4
DA:186,4
DA:187,4
DA:188,4
DA:189,4
DA:190,4
DA:191,4
DA:192,4
DA:193,4
DA:194,4
DA:195,4
DA:196,4
DA:197,4
DA:198,4
DA:199,4
DA:201,4
DA:203,6
DA:205,6
DA:206,6
DA:207,6
DA:208,6
DA:209,6
DA:210,6
DA:211,6
DA:212,6
DA:214,6
DA:215,6
DA:216,6
DA:217,6
DA:218,6
DA:219,6
DA:220,6
DA:221,6
DA:222,6
DA:223,6
DA:224,6
DA:226,6
LF:187
LH:166
BRDA:7,0,0,6
BRDA:90,1,0,2
BRDA:92,2,0,4
BRDA:104,3,0,4
BRDA:120,4,0,0
BRDA:121,5,0,0
BRDA:124,6,0,0
BRDA:171,7,0,4
BRDA:171,8,0,0
BRDA:171,9,0,2
BRDA:171,10,0,2
BRDA:177,11,0,4
BRDA:177,12,0,0
BRDA:177,13,0,2
BRDA:177,14,0,2
BRDA:181,15,0,1
BRDA:181,16,0,3
BRDA:184,17,0,4
BRDA:17,18,0,2
BRDA:20,19,0,1
BRDA:27,20,0,2
BRDA:39,21,0,0
BRDA:42,22,0,0
BRDA:33,23,0,4
BRDA:49,24,0,1
BRDA:53,25,0,0
BRDA:60,26,0,0
BRDA:67,27,0,0
BRDA:142,28,0,1
BRDA:155,29,0,8
BRDA:157,30,0,4
BRDA:157,31,0,4
BRDA:157,32,0,0
BRF:33
BRH:22
end_of_record
TN:
SF:src/pages/AdminHomepage.tsx
FN:44,AdminHomepage
FN:75,loadAllData
FN:82,loadSlides
FN:94,toggleSlideEnabled
FN:100,updateSlideFocus
FN:106,moveSlideUp
FN:116,moveSlideDown
FN:126,saveSlides
FN:157,addNewSlide
FN:200,handleImageUpload
FN:238,handleRemoveUploadedImage
FN:267,deleteSlide
FN:286,loadSections
FN:304,toggleSectionEnabled
FN:310,updateConfigJson
FN:314,moveSectionUp
FN:324,moveSectionDown
FN:334,saveSections
FN:394,onClick
FN:402,onClick
FN:424,onClick
FN:465,onChange
FN:476,onChange
FN:487,onChange
FN:533,onChange
FN:540,onChange
FN:550,onClick
FN:557,onClick
FN:564,onClick
FN:621,onChange
FN:628,onClick
FN:635,onClick
FN:649,onChange
FNF:33
FNH:21
FNDA:40,AdminHomepage
FNDA:11,loadAllData
FNDA:13,loadSlides
FNDA:1,toggleSlideEnabled
FNDA:1,updateSlideFocus
FNDA:0,moveSlideUp
FNDA:1,moveSlideDown
FNDA:1,saveSlides
FNDA:0,addNewSlide
FNDA:0,handleImageUpload
FNDA:0,handleRemoveUploadedImage
FNDA:1,deleteSlide
FNDA:13,loadSections
FNDA:1,toggleSectionEnabled
FNDA:1,updateConfigJson
FNDA:0,moveSectionUp
FNDA:1,moveSectionDown
FNDA:2,saveSections
FNDA:0,onClick
FNDA:5,onClick
FNDA:0,onClick
FNDA:0,onChange
FNDA:0,onChange
FNDA:0,onChange
FNDA:1,onChange
FNDA:1,onChange
FNDA:0,onClick
FNDA:1,onClick
FNDA:1,onClick
FNDA:1,onChange
FNDA:0,onClick
FNDA:1,onClick
FNDA:1,onChange
DA:1,1
DA:40,1
DA:41,1
DA:42,1
DA:44,40
DA:45,40
DA:46,40
DA:47,40
DA:48,40
DA:49,40
DA:52,40
DA:53,40
DA:54,40
DA:55,40
DA:56,40
DA:57,40
DA:58,40
DA:59,40
DA:60,40
DA:63,40
DA:64,40
DA:66,40
DA:67,11
DA:68,11
DA:69,0
DA:70,0
DA:71,0
DA:72,11
DA:73,40
DA:75,40
DA:76,11
DA:77,11
DA:78,11
DA:79,11
DA:82,40
DA:83,13
DA:84,13
DA:85,13
DA:86,13
DA:87,13
DA:88,13
DA:89,0
DA:90,0
DA:91,0
DA:92,13
DA:94,40
DA:95,1
DA:96,1
DA:97,1
DA:98,1
DA:100,40
DA:101,1
DA:102,2
DA:103,1
DA:104,1
DA:106,40
DA:107,0
DA:108,0
DA:109,0
DA:110,0
DA:111,0
DA:112,0
DA:113,0
DA:114,0
DA:116,40
DA:117,1
DA:118,1
DA:119,1
DA:120,1
DA:121,2
DA:122,1
DA:123,1
DA:124,1
DA:126,40
DA:127,1
DA:128,1
DA:129,1
DA:130,1
DA:131,1
DA:132,1
DA:133,1
DA:134,1
DA:135,1
DA:136,1
DA:137,1
DA:138,1
DA:139,1
DA:140,1
DA:141,1
DA:142,1
DA:143,1
DA:144,1
DA:145,1
DA:147,1
DA:148,1
DA:149,1
DA:150,0
DA:151,0
DA:152,1
DA:153,1
DA:154,1
DA:155,1
DA:157,40
DA:158,0
DA:159,0
DA:160,0
DA:161,0
DA:163,0
DA:164,0
DA:165,0
DA:166,0
DA:168,0
DA:169,0
DA:170,0
DA:171,0
DA:173,0
DA:174,0
DA:176,0
DA:177,0
DA:178,0
DA:179,0
DA:180,0
DA:181,0
DA:182,0
DA:183,0
DA:184,0
DA:185,0
DA:186,0
DA:188,0
DA:190,0
DA:191,0
DA:192,0
DA:193,0
DA:194,0
DA:195,0
DA:196,0
DA:197,0
DA:198,0
DA:200,40
DA:201,0
DA:202,0
DA:204,0
DA:205,0
DA:207,0
DA:208,0
DA:209,0
DA:210,0
DA:211,0
DA:212,0
DA:214,0
DA:215,0
DA:216,0
DA:217,0
DA:218,0
DA:220,0
DA:222,0
DA:223,0
DA:224,0
DA:226,0
DA:227,0
DA:228,0
DA:229,0
DA:230,0
DA:231,0
DA:232,0
DA:233,0
DA:234,0
DA:235,0
DA:236,0
DA:238,40
DA:239,0
DA:240,0
DA:241,0
DA:242,0
DA:244,0
DA:245,0
DA:247,0
DA:248,0
DA:249,0
DA:250,0
DA:252,0
DA:253,0
DA:254,0
DA:255,0
DA:256,0
DA:257,0
DA:259,0
DA:260,0
DA:261,0
DA:262,0
DA:263,0
DA:264,0
DA:265,0
DA:267,40
DA:268,1
DA:270,1
DA:271,1
DA:272,1
DA:273,1
DA:275,1
DA:277,1
DA:278,1
DA:279,1
DA:280,0
DA:281,0
DA:282,0
DA:283,1
DA:286,40
DA:287,13
DA:288,13
DA:289,13
DA:290,13
DA:291,13
DA:293,13
DA:294,13
DA:295,14
DA:296,13
DA:297,13
DA:298,13
DA:299,0
DA:300,0
DA:301,0
DA:302,13
DA:304,40
DA:305,1
DA:306,1
DA:307,1
DA:308,1
DA:310,40
DA:311,1
DA:312,1
DA:314,40
DA:315,0
DA:316,0
DA:317,0
DA:318,0
DA:319,0
DA:320,0
DA:321,0
DA:322,0
DA:324,40
DA:325,1
DA:326,1
DA:327,1
DA:328,1
DA:329,2
DA:330,1
DA:331,1
DA:332,1
DA:334,40
DA:335,2
DA:336,2
DA:337,2
DA:338,2
DA:339,2
DA:340,2
DA:341,2
DA:342,0
DA:343,0
DA:345,2
DA:346,2
DA:347,2
DA:348,2
DA:349,2
DA:350,2
DA:351,2
DA:353,2
DA:354,2
DA:355,2
DA:356,2
DA:357,2
DA:358,2
DA:359,2
DA:360,2
DA:362,2
DA:364,2
DA:365,2
DA:366,2
DA:367,0
DA:368,0
DA:369,2
DA:370,2
DA:371,2
DA:372,2
DA:375,40
DA:376,11
DA:377,11
DA:378,11
DA:379,11
DA:381,11
DA:383,29
DA:384,29
DA:385,29
DA:386,29
DA:387,29
DA:388,29
DA:391,29
DA:392,29
DA:393,40
DA:394,40
DA:396,40
DA:397,40
DA:398,40
DA:399,40
DA:400,40
DA:401,40
DA:402,40
DA:404,40
DA:405,40
DA:406,40
DA:407,40
DA:408,40
DA:411,40
DA:413,40
DA:414,17
DA:415,17
DA:416,17
DA:417,17
DA:418,17
DA:420,17
DA:421,17
DA:422,17
DA:423,17
DA:424,17
DA:426,17
DA:427,17
DA:428,17
DA:431,17
DA:432,0
DA:433,0
DA:435,0
DA:436,0
DA:437,0
DA:438,0
DA:439,0
DA:440,0
DA:441,0
DA:442,0
DA:443,0
DA:444,0
DA:446,0
DA:447,0
DA:448,0
DA:449,0
DA:450,0
DA:451,0
DA:452,0
DA:453,0
DA:455,0
DA:456,0
DA:459,0
DA:460,0
DA:461,0
DA:462,0
DA:463,0
DA:464,0
DA:465,0
DA:466,0
DA:467,0
DA:468,0
DA:470,0
DA:471,0
DA:472,0
DA:473,0
DA:474,0
DA:475,0
DA:476,0
DA:477,0
DA:478,0
DA:479,0
DA:480,0
DA:482,0
DA:483,0
DA:484,0
DA:485,0
DA:486,0
DA:487,0
DA:489,0
DA:490,0
DA:491,0
DA:492,0
DA:493,0
DA:495,0
DA:496,0
DA:497,0
DA:498,0
DA:499,0
DA:501,0
DA:502,0
DA:506,17
DA:507,17
DA:508,0
DA:510,0
DA:512,17
DA:513,21
DA:514,21
DA:515,21
DA:516,21
DA:517,21
DA:518,21
DA:519,21
DA:521,21
DA:522,21
DA:523,21
DA:524,21
DA:525,21
DA:526,21
DA:528,21
DA:529,21
DA:530,21
DA:531,21
DA:532,21
DA:533,21
DA:534,21
DA:535,21
DA:536,21
DA:538,21
DA:539,21
DA:540,21
DA:542,21
DA:543,105
DA:544,21
DA:545,21
DA:546,21
DA:548,21
DA:549,21
DA:550,21
DA:551,21
DA:552,21
DA:553,21
DA:555,21
DA:556,21
DA:557,21
DA:558,21
DA:559,21
DA:560,21
DA:562,21
DA:563,21
DA:564,21
DA:565,21
DA:566,21
DA:568,21
DA:569,21
DA:570,21
DA:571,21
DA:572,17
DA:574,17
DA:576,17
DA:577,17
DA:578,17
DA:579,17
DA:580,17
DA:581,17
DA:583,17
DA:584,17
DA:585,17
DA:587,17
DA:591,40
DA:592,12
DA:593,12
DA:594,12
DA:595,12
DA:596,12
DA:598,12
DA:599,12
DA:600,12
DA:602,12
DA:603,12
DA:604,0
DA:606,0
DA:608,12
DA:609,14
DA:610,14
DA:611,14
DA:612,14
DA:613,14
DA:614,14
DA:616,14
DA:617,14
DA:618,14
DA:619,14
DA:620,14
DA:621,14
DA:622,14
DA:623,14
DA:624,14
DA:626,14
DA:627,14
DA:628,14
DA:629,14
DA:630,14
DA:631,14
DA:633,14
DA:634,14
DA:635,14
DA:636,14
DA:637,14
DA:638,14
DA:640,14
DA:641,14
DA:642,14
DA:643,14
DA:645,14
DA:646,14
DA:647,14
DA:648,14
DA:649,14
DA:650,14
DA:651,14
DA:652,14
DA:653,14
DA:654,14
DA:655,12
DA:657,12
DA:659,12
DA:660,12
DA:661,12
DA:662,12
DA:663,12
DA:664,12
DA:666,12
DA:667,12
DA:668,12
DA:670,12
DA:672,40
DA:673,40
DA:675,40
LF:527
LH:340
BRDA:44,0,0,40
BRDA:375,1,0,11
BRDA:381,2,0,29
BRDA:393,3,0,17
BRDA:393,4,0,12
BRDA:401,5,0,12
BRDA:401,6,0,17
BRDA:413,7,0,17
BRDA:426,8,0,0
BRDA:431,9,0,0
BRDA:507,10,0,0
BRDA:583,11,0,1
BRDA:583,12,0,16
BRDA:591,13,0,12
BRDA:603,14,0,0
BRDA:666,15,0,2
BRDA:666,16,0,10
BRDA:66,17,0,11
BRDA:68,18,0,0
BRDA:75,19,0,11
BRDA:82,20,0,13
BRDA:85,21,0,0
BRDA:88,22,0,0
BRDA:94,23,0,1
BRDA:95,24,0,1
BRDA:96,25,0,0
BRDA:100,26,0,1
BRDA:101,27,0,2
BRDA:102,28,0,1
BRDA:102,29,0,1
BRDA:116,30,0,1
BRDA:117,31,0,0
BRDA:120,32,0,2
BRDA:126,33,0,1
BRDA:144,34,0,0
BRDA:149,35,0,0
BRDA:267,36,0,1
BRDA:268,37,0,0
BRDA:275,38,0,0
BRDA:279,39,0,0
BRDA:286,40,0,13
BRDA:289,41,0,0
BRDA:298,42,0,0
BRDA:294,43,0,14
BRDA:295,44,0,0
BRDA:304,45,0,1
BRDA:305,46,0,1
BRDA:306,47,0,0
BRDA:310,48,0,1
BRDA:324,49,0,1
BRDA:325,50,0,0
BRDA:328,51,0,2
BRDA:334,52,0,2
BRDA:362,53,0,0
BRDA:366,54,0,0
BRDA:337,55,0,2
BRDA:340,56,0,0
BRDA:341,57,0,0
BRDA:402,58,0,5
BRDA:512,59,0,21
BRDA:513,60,0,1
BRDA:513,61,0,20
BRDA:535,62,0,20
BRDA:535,63,0,1
BRDA:533,64,0,1
BRDA:540,65,0,1
BRDA:542,66,0,105
BRDA:557,67,0,1
BRDA:564,68,0,1
BRDA:608,69,0,14
BRDA:609,70,0,1
BRDA:609,71,0,13
BRDA:623,72,0,13
BRDA:623,73,0,1
BRDA:648,74,0,0
BRDA:621,75,0,1
BRDA:635,76,0,1
BRDA:649,77,0,1
BRF:78
BRH:54
end_of_record
TN:
SF:src/pages/AdminLogin.tsx
FN:9,AdminLogin
FN:17,handleLogin
FN:97,onChange
FN:110,onChange
FN:122,onClick
FNF:5
FNH:4
FNDA:10,AdminLogin
FNDA:2,handleLogin
FNDA:2,onChange
FNDA:2,onChange
FNDA:0,onClick
DA:1,1
DA:9,10
DA:10,10
DA:11,10
DA:12,10
DA:13,10
DA:14,10
DA:15,10
DA:17,10
DA:18,2
DA:19,2
DA:20,2
DA:22,2
DA:23,2
DA:24,2
DA:25,2
DA:26,2
DA:27,2
DA:28,2
DA:30,2
DA:31,1
DA:35,1
DA:36,1
DA:37,1
DA:38,1
DA:39,1
DA:40,1
DA:43,1
DA:44,1
DA:45,1
DA:46,1
DA:50,1
DA:51,1
DA:52,1
DA:53,1
DA:54,1
DA:55,1
DA:56,0
DA:57,0
DA:59,1
DA:60,1
DA:61,1
DA:62,1
DA:63,1
DA:64,2
DA:65,0
DA:66,0
DA:67,2
DA:68,2
DA:69,2
DA:70,2
DA:72,10
DA:73,10
DA:74,10
DA:75,10
DA:76,10
DA:77,10
DA:78,10
DA:79,10
DA:80,10
DA:81,10
DA:82,10
DA:84,10
DA:85,10
DA:86,1
DA:87,1
DA:88,1
DA:91,10
DA:92,10
DA:93,10
DA:94,10
DA:95,10
DA:96,10
DA:97,10
DA:98,10
DA:99,10
DA:100,10
DA:101,10
DA:102,10
DA:104,10
DA:105,10
DA:106,10
DA:107,10
DA:108,10
DA:109,10
DA:110,10
DA:111,10
DA:112,10
DA:113,10
DA:114,10
DA:116,10
DA:117,10
DA:118,10
DA:120,10
DA:122,10
DA:124,10
DA:125,10
DA:126,10
DA:128,10
LF:99
LH:95
BRDA:9,0,0,10
BRDA:85,1,0,1
BRDA:117,2,0,2
BRDA:117,3,0,8
BRDA:17,4,0,2
BRDA:30,5,0,1
BRDA:55,6,0,0
BRDA:62,7,0,0
BRDA:64,8,0,0
BRDA:97,9,0,2
BRDA:110,10,0,2
BRF:11
BRH:8
end_of_record
TN:
SF:src/pages/AdminSettingsConsolidated.tsx
FN:88,buildGeneralSettingTestId
FN:90,AdminSettingsConsolidated
FN:140,loadAllData
FN:152,loadGeneralSettings
FN:172,handleGeneralChange
FN:176,handleLogoUpload
FN:201,saveGeneralSettings
FN:228,loadContactInfo
FN:238,addLocation
FN:251,updateLocation
FN:260,removeLocation
FN:267,addAddressLine
FN:276,updateAddressLine
FN:287,removeAddressLine
FN:298,saveContactSettings
FN:330,loadFooterConfig
FN:340,saveFooterSettings
FN:379,loadBannerSettings
FN:399,saveBannerSettings
FN:425,handleSave
FN:461,onClick
FN:469,onClick
FN:477,onClick
FN:485,onClick
FN:512,onChange
FN:532,onChange
FN:546,onError
FN:556,onChange
FN:577,onChange
FN:597,onChange
FN:621,onChange
FN:632,onChange
FN:656,onClick
FN:668,onChange
FN:681,onChange
FN:687,onClick
FN:697,onClick
FN:710,onChange
FN:719,onChange
FN:730,onChange
FN:757,onChange
FN:776,onChange
FN:793,onChange
FN:803,onChange
FN:816,onChange
FN:828,onChange
FN:853,onChange
FN:866,onChange
FNF:48
FNH:25
FNDA:136,buildGeneralSettingTestId
FNDA:55,AdminSettingsConsolidated
FNDA:14,loadAllData
FNDA:15,loadGeneralSettings
FNDA:1,handleGeneralChange
FNDA:0,handleLogoUpload
FNDA:1,saveGeneralSettings
FNDA:15,loadContactInfo
FNDA:4,addLocation
FNDA:1,updateLocation
FNDA:1,removeLocation
FNDA:1,addAddressLine
FNDA:0,updateAddressLine
FNDA:0,removeAddressLine
FNDA:2,saveContactSettings
FNDA:15,loadFooterConfig
FNDA:1,saveFooterSettings
FNDA:14,loadBannerSettings
FNDA:0,saveBannerSettings
FNDA:4,handleSave
FNDA:0,onClick
FNDA:7,onClick
FNDA:3,onClick
FNDA:1,onClick
FNDA:0,onChange
FNDA:0,onChange
FNDA:0,onError
FNDA:1,onChange
FNDA:0,onChange
FNDA:0,onChange
FNDA:1,onChange
FNDA:0,onChange
FNDA:1,onClick
FNDA:1,onChange
FNDA:0,onChange
FNDA:0,onClick
FNDA:1,onClick
FNDA:0,onChange
FNDA:0,onChange
FNDA:0,onChange
FNDA:1,onChange
FNDA:0,onChange
FNDA:0,onChange
FNDA:0,onChange
FNDA:0,onChange
FNDA:0,onChange
FNDA:0,onChange
FNDA:0,onChange
DA:1,1
DA:72,1
DA:74,1
DA:75,1
DA:76,1
DA:79,1
DA:80,1
DA:81,1
DA:84,1
DA:85,1
DA:86,1
DA:88,1
DA:90,55
DA:91,55
DA:92,55
DA:93,55
DA:94,55
DA:95,55
DA:98,55
DA:99,55
DA:100,55
DA:103,55
DA:104,55
DA:105,55
DA:106,55
DA:107,55
DA:110,55
DA:111,55
DA:112,55
DA:113,55
DA:114,55
DA:115,55
DA:116,55
DA:117,55
DA:118,55
DA:119,55
DA:120,55
DA:121,55
DA:122,55
DA:123,55
DA:126,55
DA:127,55
DA:128,55
DA:129,55
DA:131,55
DA:132,14
DA:133,14
DA:134,0
DA:135,0
DA:136,0
DA:137,14
DA:138,55
DA:140,55
DA:141,14
DA:142,14
DA:143,14
DA:144,14
DA:145,14
DA:146,14
DA:147,14
DA:148,14
DA:149,14
DA:152,55
DA:153,15
DA:154,15
DA:155,15
DA:157,15
DA:158,15
DA:160,15
DA:161,26
DA:162,26
DA:163,15
DA:165,15
DA:166,15
DA:167,15
DA:168,0
DA:169,0
DA:170,15
DA:172,55
DA:173,1
DA:174,1
DA:176,55
DA:177,0
DA:178,0
DA:179,0
DA:180,0
DA:181,0
DA:182,0
DA:183,0
DA:184,0
DA:185,0
DA:186,0
DA:187,0
DA:188,0
DA:189,0
DA:190,0
DA:191,0
DA:192,0
DA:193,0
DA:194,0
DA:195,0
DA:196,0
DA:197,0
DA:198,0
DA:199,0
DA:201,55
DA:202,1
DA:203,1
DA:204,1
DA:205,1
DA:206,1
DA:207,1
DA:208,1
DA:209,1
DA:210,1
DA:212,1
DA:213,1
DA:214,1
DA:215,1
DA:216,1
DA:218,1
DA:219,1
DA:220,1
DA:221,0
DA:222,1
DA:223,1
DA:224,1
DA:225,1
DA:228,55
DA:229,15
DA:230,15
DA:231,15
DA:232,15
DA:233,15
DA:234,0
DA:235,0
DA:236,15
DA:238,55
DA:239,4
DA:240,4
DA:241,4
DA:242,4
DA:243,4
DA:244,4
DA:245,4
DA:246,4
DA:247,4
DA:248,4
DA:249,4
DA:251,55
DA:252,1
DA:253,1
DA:254,1
DA:255,1
DA:256,1
DA:257,1
DA:258,1
DA:260,55
DA:261,1
DA:262,1
DA:263,1
DA:264,1
DA:265,1
DA:267,55
DA:268,1
DA:269,1
DA:270,1
DA:271,1
DA:272,1
DA:273,1
DA:274,1
DA:276,55
DA:277,0
DA:278,0
DA:279,0
DA:280,0
DA:281,0
DA:282,0
DA:283,0
DA:284,0
DA:285,0
DA:287,55
DA:288,0
DA:289,0
DA:290,0
DA:291,0
DA:292,0
DA:293,0
DA:294,0
DA:295,0
DA:296,0
DA:298,55
DA:300,2
DA:301,1
DA:302,1
DA:303,1
DA:306,2
DA:307,0
DA:308,0
DA:309,0
DA:310,0
DA:311,0
DA:313,1
DA:314,1
DA:315,1
DA:316,1
DA:317,1
DA:318,1
DA:319,1
DA:320,1
DA:321,1
DA:322,2
DA:323,0
DA:324,2
DA:325,1
DA:326,1
DA:327,2
DA:330,55
DA:331,15
DA:332,15
DA:333,15
DA:334,15
DA:335,15
DA:336,0
DA:337,0
DA:338,15
DA:340,55
DA:342,1
DA:343,0
DA:344,0
DA:345,0
DA:347,1
DA:348,0
DA:349,0
DA:350,0
DA:352,1
DA:353,0
DA:354,0
DA:355,0
DA:357,1
DA:358,0
DA:359,0
DA:360,0
DA:362,1
DA:363,1
DA:364,1
DA:365,1
DA:366,1
DA:367,1
DA:368,1
DA:369,1
DA:370,1
DA:371,1
DA:372,0
DA:373,1
DA:374,1
DA:375,1
DA:376,1
DA:379,55
DA:380,14
DA:381,14
DA:383,14
DA:385,14
DA:386,14
DA:388,14
DA:389,14
DA:390,14
DA:391,14
DA:392,14
DA:393,14
DA:394,14
DA:395,0
DA:396,0
DA:397,14
DA:399,55
DA:400,0
DA:401,0
DA:402,0
DA:403,0
DA:404,0
DA:405,0
DA:406,0
DA:407,0
DA:408,0
DA:409,0
DA:410,0
DA:411,0
DA:412,0
DA:413,0
DA:415,0
DA:416,0
DA:417,0
DA:418,0
DA:419,0
DA:420,0
DA:421,0
DA:422,0
DA:425,55
DA:426,4
DA:427,4
DA:428,1
DA:429,1
DA:430,4
DA:431,2
DA:432,2
DA:433,4
DA:434,1
DA:435,1
DA:436,4
DA:437,0
DA:438,0
DA:439,4
DA:440,4
DA:442,55
DA:443,14
DA:444,14
DA:445,14
DA:446,14
DA:448,14
DA:450,41
DA:451,41
DA:452,41
DA:453,41
DA:454,41
DA:455,41
DA:458,41
DA:459,41
DA:460,55
DA:461,55
DA:462,55
DA:464,55
DA:465,55
DA:466,55
DA:467,55
DA:468,55
DA:469,55
DA:470,55
DA:472,55
DA:473,55
DA:474,55
DA:475,55
DA:476,55
DA:477,55
DA:478,55
DA:480,55
DA:481,55
DA:482,55
DA:483,55
DA:484,55
DA:485,55
DA:486,55
DA:488,55
DA:489,55
DA:490,55
DA:491,55
DA:494,55
DA:496,55
DA:497,17
DA:498,17
DA:500,17
DA:501,17
DA:502,17
DA:503,51
DA:504,51
DA:505,51
DA:506,17
DA:507,17
DA:508,17
DA:509,17
DA:510,17
DA:511,17
DA:512,17
DA:513,17
DA:514,17
DA:515,17
DA:516,17
DA:517,17
DA:518,17
DA:519,17
DA:520,17
DA:521,17
DA:523,17
DA:524,17
DA:525,17
DA:526,17
DA:527,17
DA:528,17
DA:529,17
DA:530,17
DA:531,17
DA:532,17
DA:533,0
DA:534,0
DA:535,0
DA:536,0
DA:537,17
DA:538,17
DA:539,17
DA:540,0
DA:541,0
DA:542,0
DA:543,0
DA:544,0
DA:545,0
DA:546,0
DA:547,0
DA:548,0
DA:550,17
DA:552,34
DA:553,34
DA:554,34
DA:555,34
DA:556,34
DA:557,34
DA:558,34
DA:559,34
DA:561,51
DA:562,51
DA:564,51
DA:565,17
DA:566,17
DA:568,17
DA:569,17
DA:570,17
DA:571,51
DA:572,51
DA:573,51
DA:574,51
DA:575,51
DA:576,51
DA:577,51
DA:578,51
DA:579,51
DA:580,51
DA:581,51
DA:582,51
DA:584,51
DA:585,17
DA:586,17
DA:588,17
DA:589,17
DA:590,17
DA:591,34
DA:592,34
DA:593,34
DA:594,34
DA:595,34
DA:596,34
DA:597,34
DA:598,34
DA:599,34
DA:600,34
DA:601,34
DA:602,34
DA:604,34
DA:605,17
DA:606,17
DA:607,17
DA:611,55
DA:612,17
DA:613,17
DA:615,17
DA:616,17
DA:617,17
DA:618,17
DA:619,17
DA:620,17
DA:621,17
DA:622,17
DA:623,17
DA:624,17
DA:625,17
DA:627,17
DA:628,17
DA:629,17
DA:630,17
DA:631,17
DA:632,17
DA:633,17
DA:635,17
DA:636,17
DA:638,17
DA:639,17
DA:640,17
DA:641,17
DA:642,17
DA:643,17
DA:644,17
DA:645,17
DA:647,17
DA:648,17
DA:650,17
DA:651,6
DA:652,6
DA:653,6
DA:654,6
DA:655,6
DA:656,6
DA:657,6
DA:658,6
DA:660,6
DA:661,6
DA:663,6
DA:664,6
DA:665,6
DA:666,6
DA:667,6
DA:668,6
DA:669,6
DA:670,6
DA:671,6
DA:672,6
DA:674,6
DA:675,6
DA:676,6
DA:677,7
DA:678,7
DA:679,7
DA:680,7
DA:681,7
DA:682,7
DA:683,7
DA:684,7
DA:685,2
DA:686,2
DA:687,2
DA:688,2
DA:689,2
DA:691,2
DA:693,7
DA:694,6
DA:695,6
DA:696,6
DA:697,6
DA:698,6
DA:699,6
DA:701,6
DA:702,6
DA:704,6
DA:705,6
DA:706,6
DA:707,6
DA:708,6
DA:709,6
DA:710,6
DA:711,6
DA:712,6
DA:713,6
DA:714,6
DA:715,6
DA:716,6
DA:717,6
DA:718,6
DA:719,6
DA:720,6
DA:721,6
DA:722,6
DA:723,6
DA:725,6
DA:726,6
DA:727,6
DA:728,6
DA:729,6
DA:730,6
DA:731,6
DA:732,6
DA:733,6
DA:734,6
DA:735,17
DA:737,17
DA:738,11
DA:740,11
DA:742,17
DA:743,17
DA:747,55
DA:748,6
DA:749,6
DA:751,6
DA:752,6
DA:753,6
DA:754,6
DA:755,6
DA:756,6
DA:757,6
DA:758,6
DA:759,6
DA:760,6
DA:761,6
DA:762,6
DA:763,6
DA:765,6
DA:766,6
DA:767,6
DA:768,30
DA:769,30
DA:770,30
DA:771,30
DA:772,30
DA:773,30
DA:774,30
DA:775,30
DA:776,30
DA:777,0
DA:778,0
DA:779,0
DA:780,30
DA:781,30
DA:782,30
DA:783,6
DA:784,6
DA:786,6
DA:787,6
DA:788,6
DA:789,6
DA:790,6
DA:791,6
DA:792,6
DA:793,6
DA:794,6
DA:796,6
DA:797,6
DA:798,6
DA:799,6
DA:800,6
DA:801,6
DA:802,6
DA:803,6
DA:804,6
DA:806,6
DA:807,6
DA:808,6
DA:810,6
DA:811,6
DA:812,6
DA:813,6
DA:814,6
DA:815,6
DA:816,6
DA:817,6
DA:818,6
DA:819,6
DA:820,6
DA:821,6
DA:823,6
DA:824,6
DA:825,6
DA:826,6
DA:827,6
DA:828,6
DA:829,6
DA:830,6
DA:831,6
DA:832,6
DA:833,6
DA:834,6
DA:835,6
DA:836,6
DA:837,6
DA:841,55
DA:842,1
DA:843,1
DA:844,1
DA:846,1
DA:848,1
DA:849,1
DA:850,1
DA:851,1
DA:852,1
DA:853,1
DA:854,1
DA:856,1
DA:857,1
DA:859,1
DA:860,1
DA:861,1
DA:862,1
DA:863,1
DA:864,1
DA:865,1
DA:866,1
DA:867,1
DA:868,1
DA:869,1
DA:871,1
DA:872,1
DA:875,1
DA:876,1
DA:877,1
DA:878,1
DA:879,1
DA:880,1
DA:881,1
DA:883,1
DA:885,55
DA:888,55
DA:889,55
DA:890,55
DA:891,55
DA:892,55
DA:893,55
DA:895,55
DA:896,55
DA:897,55
DA:898,55
DA:900,55
LF:705
LH:593
BRDA:88,0,0,136
BRDA:90,1,0,55
BRDA:442,2,0,14
BRDA:448,3,0,41
BRDA:460,4,0,17
BRDA:460,5,0,24
BRDA:468,6,0,17
BRDA:468,7,0,24
BRDA:476,8,0,6
BRDA:476,9,0,35
BRDA:484,10,0,1
BRDA:484,11,0,40
BRDA:496,12,0,17
BRDA:611,13,0,17
BRDA:631,14,0,0
BRDA:737,15,0,11
BRDA:747,16,0,6
BRDA:841,17,0,1
BRDA:895,18,0,3
BRDA:895,19,0,38
BRDA:131,20,0,14
BRDA:133,21,0,0
BRDA:140,22,0,14
BRDA:152,23,0,15
BRDA:167,24,0,0
BRDA:160,25,0,26
BRDA:172,26,0,1
BRDA:173,27,0,1
BRDA:201,28,0,1
BRDA:220,29,0,0
BRDA:204,30,0,1
BRDA:207,31,0,0
BRDA:208,32,0,0
BRDA:209,33,0,0
BRDA:228,34,0,15
BRDA:233,35,0,0
BRDA:238,36,0,4
BRDA:239,37,0,4
BRDA:251,38,0,1
BRDA:252,39,0,1
BRDA:254,40,0,1
BRDA:255,41,0,0
BRDA:260,42,0,1
BRDA:261,43,0,1
BRDA:263,44,0,1
BRDA:267,45,0,1
BRDA:268,46,0,1
BRDA:270,47,0,1
BRDA:271,48,0,0
BRDA:298,49,0,2
BRDA:300,50,0,1
BRDA:306,51,0,0
BRDA:311,52,0,1
BRDA:322,53,0,0
BRDA:324,54,0,1
BRDA:330,55,0,15
BRDA:335,56,0,0
BRDA:340,57,0,1
BRDA:342,58,0,0
BRDA:347,59,0,0
BRDA:352,60,0,0
BRDA:357,61,0,0
BRDA:371,62,0,0
BRDA:379,63,0,14
BRDA:383,64,0,0
BRDA:391,65,0,0
BRDA:394,66,0,0
BRDA:386,67,0,14
BRDA:425,68,0,4
BRDA:427,69,0,1
BRDA:430,70,0,2
BRDA:433,71,0,1
BRDA:436,72,0,0
BRDA:469,73,0,7
BRDA:477,74,0,3
BRDA:485,75,0,1
BRDA:502,76,0,136
BRDA:502,77,0,51
BRDA:505,78,0,17
BRDA:520,79,0,0
BRDA:520,80,0,0
BRDA:523,81,0,0
BRDA:539,82,0,0
BRDA:550,83,0,34
BRDA:555,84,0,18
BRDA:556,85,0,1
BRDA:570,86,0,136
BRDA:570,87,0,51
BRDA:576,88,0,39
BRDA:590,89,0,136
BRDA:590,90,0,34
BRDA:621,91,0,1
BRDA:621,92,0,1
BRDA:650,93,0,6
BRDA:656,94,0,1
BRDA:668,95,0,1
BRDA:676,96,0,7
BRDA:684,97,0,2
BRDA:697,98,0,1
BRDA:757,99,0,1
BRDA:757,100,0,1
BRDA:767,101,0,30
BRF:102
BRH:76
end_of_record
TN:
SF:src/pages/AdminUsers.tsx
FN:18,AdminUsers
FN:36,loadUsers
FN:48,handleSubmit
FN:77,handleEdit
FN:89,handleDelete
FN:119,resetForm
FN:139,onClick
FN:155,onChange
FN:165,onChange
FN:178,onChange
FN:197,onChange
FN:210,onChange
FN:267,onClick
FN:272,onClick
FNF:14
FNH:9
FNDA:10,AdminUsers
FNDA:3,loadUsers
FNDA:1,handleSubmit
FNDA:0,handleEdit
FNDA:0,handleDelete
FNDA:1,resetForm
FNDA:1,onClick
FNDA:1,onChange
FNDA:1,onChange
FNDA:1,onChange
FNDA:0,onChange
FNDA:1,onChange
FNDA:0,onClick
FNDA:0,onClick
DA:1,1
DA:18,10
DA:19,10
DA:20,10
DA:21,10
DA:22,10
DA:23,10
DA:24,10
DA:25,10
DA:26,10
DA:27,10
DA:28,10
DA:29,10
DA:30,10
DA:32,10
DA:33,2
DA:34,10
DA:36,10
DA:37,3
DA:38,3
DA:39,3
DA:40,3
DA:41,3
DA:42,3
DA:43,0
DA:44,0
DA:45,0
DA:46,3
DA:48,10
DA:49,1
DA:51,1
DA:52,0
DA:53,1
DA:55,1
DA:57,1
DA:58,1
DA:59,1
DA:60,1
DA:61,1
DA:62,1
DA:64,1
DA:65,1
DA:66,1
DA:67,1
DA:68,0
DA:69,0
DA:70,0
DA:71,1
DA:72,0
DA:73,0
DA:74,0
DA:75,1
DA:77,10
DA:78,0
DA:79,0
DA:80,0
DA:81,0
DA:82,0
DA:83,0
DA:84,0
DA:85,0
DA:86,0
DA:87,0
DA:89,10
DA:90,0
DA:91,0
DA:92,0
DA:93,0
DA:94,0
DA:95,0
DA:96,0
DA:97,0
DA:99,0
DA:101,0
DA:102,0
DA:103,0
DA:104,0
DA:106,0
DA:107,0
DA:108,0
DA:109,0
DA:110,0
DA:111,0
DA:112,0
DA:113,0
DA:114,0
DA:115,0
DA:116,0
DA:117,0
DA:119,10
DA:120,1
DA:121,1
DA:122,1
DA:123,1
DA:124,1
DA:125,1
DA:126,1
DA:127,1
DA:128,1
DA:129,1
DA:131,10
DA:132,2
DA:133,2
DA:135,8
DA:136,8
DA:137,8
DA:138,8
DA:139,8
DA:140,10
DA:141,10
DA:142,10
DA:144,10
DA:145,5
DA:146,5
DA:147,5
DA:148,5
DA:149,5
DA:150,5
DA:151,5
DA:152,5
DA:153,5
DA:154,5
DA:155,5
DA:156,5
DA:157,5
DA:158,5
DA:159,5
DA:160,5
DA:161,5
DA:162,5
DA:163,5
DA:164,5
DA:165,5
DA:166,5
DA:167,5
DA:168,5
DA:169,5
DA:170,5
DA:172,5
DA:173,5
DA:174,5
DA:175,5
DA:176,5
DA:177,5
DA:178,5
DA:179,5
DA:180,5
DA:181,5
DA:182,5
DA:183,5
DA:185,5
DA:186,5
DA:187,5
DA:188,5
DA:189,5
DA:192,5
DA:193,5
DA:194,5
DA:195,5
DA:196,5
DA:197,5
DA:198,5
DA:199,5
DA:201,5
DA:202,5
DA:203,5
DA:204,5
DA:205,5
DA:206,5
DA:207,5
DA:208,5
DA:209,5
DA:210,5
DA:211,5
DA:212,5
DA:214,5
DA:215,5
DA:216,5
DA:218,5
DA:219,5
DA:221,5
DA:222,5
DA:223,5
DA:224,5
DA:225,5
DA:226,5
DA:227,5
DA:228,5
DA:231,10
DA:232,10
DA:233,10
DA:234,10
DA:235,10
DA:236,10
DA:237,10
DA:238,10
DA:239,10
DA:240,10
DA:241,10
DA:242,10
DA:243,10
DA:244,10
DA:245,10
DA:246,16
DA:247,16
DA:248,16
DA:249,16
DA:250,16
DA:251,16
DA:252,16
DA:253,16
DA:254,16
DA:255,16
DA:256,16
DA:257,16
DA:258,16
DA:259,16
DA:260,16
DA:261,16
DA:262,0
DA:263,16
DA:264,16
DA:265,16
DA:266,16
DA:267,16
DA:269,16
DA:270,16
DA:271,8
DA:272,8
DA:273,8
DA:274,8
DA:275,8
DA:276,8
DA:277,0
DA:278,8
DA:280,8
DA:281,8
DA:283,8
DA:285,16
DA:286,16
DA:287,16
DA:288,10
DA:289,10
DA:290,10
DA:291,10
DA:292,10
DA:293,10
DA:295,10
DA:296,1
DA:297,1
LF:250
LH:203
BRDA:297,0,0,0
BRDA:18,1,0,10
BRDA:131,2,0,2
BRDA:133,3,0,8
BRDA:140,4,0,5
BRDA:140,5,0,3
BRDA:144,6,0,5
BRDA:147,7,0,0
BRDA:223,8,0,0
BRDA:32,9,0,2
BRDA:36,10,0,3
BRDA:42,11,0,0
BRDA:48,12,0,1
BRDA:51,13,0,0
BRDA:55,14,0,0
BRDA:67,15,0,0
BRDA:71,16,0,0
BRDA:119,17,0,1
BRDA:139,18,0,1
BRDA:155,19,0,1
BRDA:165,20,0,1
BRDA:178,21,0,1
BRDA:210,22,0,1
BRDA:245,23,0,16
BRDA:252,24,0,8
BRDA:252,25,0,8
BRDA:256,26,0,0
BRDA:257,27,0,0
BRDA:261,28,0,0
BRDA:270,29,0,8
BRDA:274,30,0,0
BRDA:276,31,0,0
BRDA:276,32,0,0
BRF:33
BRH:19
end_of_record
TN:
SF:src/pages/CampaignDetail.tsx
FN:9,CampaignDetail
FN:64,onError
FNF:2
FNH:2
FNDA:27,CampaignDetail
FNDA:1,onError
DA:1,1
DA:9,27
DA:10,27
DA:11,27
DA:12,27
DA:13,27
DA:14,27
DA:16,27
DA:17,14
DA:18,14
DA:19,14
DA:20,12
DA:21,12
DA:22,14
DA:23,14
DA:24,1
DA:25,1
DA:26,14
DA:27,14
DA:28,27
DA:30,27
DA:31,27
DA:32,27
DA:33,14
DA:34,14
DA:35,14
DA:37,27
DA:38,1
DA:39,1
DA:40,1
DA:42,27
DA:43,12
DA:44,12
DA:45,12
DA:46,12
DA:47,12
DA:48,12
DA:49,12
DA:50,12
DA:51,12
DA:52,12
DA:53,12
DA:54,12
DA:55,12
DA:57,12
DA:58,11
DA:59,11
DA:60,11
DA:61,11
DA:62,11
DA:63,11
DA:64,11
DA:65,1
DA:66,1
DA:67,11
DA:68,11
DA:71,12
DA:72,12
DA:73,12
DA:74,12
DA:75,12
DA:77,12
DA:78,12
DA:79,12
DA:80,12
DA:81,12
DA:82,12
DA:83,12
DA:84,12
DA:85,0
DA:86,12
DA:87,12
DA:88,12
DA:89,12
DA:90,12
DA:92,12
DA:93,11
DA:94,11
DA:95,11
DA:97,11
DA:98,11
DA:99,11
DA:101,1
DA:102,1
DA:103,1
DA:105,12
DA:106,12
DA:107,12
DA:109,12
DA:110,12
DA:111,12
DA:112,12
DA:113,12
DA:115,27
DA:117,27
LF:95
LH:94
BRDA:9,0,0,27
BRDA:32,1,0,14
BRDA:37,2,0,13
BRDA:37,3,0,12
BRDA:37,4,0,1
BRDA:39,5,0,0
BRDA:42,6,0,13
BRDA:42,7,0,12
BRDA:46,8,0,0
BRDA:48,9,0,0
BRDA:49,10,0,11
BRDA:54,11,0,11
BRDA:57,12,0,11
BRDA:84,13,0,0
BRDA:84,14,0,0
BRDA:87,15,0,0
BRDA:92,16,0,11
BRDA:99,17,0,1
BRDA:16,18,0,14
BRDA:19,19,0,12
BRDA:23,20,0,1
BRDA:64,21,0,1
BRF:22
BRH:16
end_of_record
TN:
SF:src/pages/CampaignList.tsx
FN:10,CampaignList
FN:23,loadData
FN:41,handlePageChange
FN:95,onClick
FN:107,onClick
FN:117,onClick
FNF:6
FNH:5
FNDA:34,CampaignList
FNDA:16,loadData
FNDA:2,handlePageChange
FNDA:0,onClick
FNDA:1,onClick
FNDA:1,onClick
DA:1,1
DA:10,34
DA:11,34
DA:12,34
DA:13,34
DA:14,34
DA:15,34
DA:16,34
DA:19,34
DA:20,34
DA:22,34
DA:23,16
DA:24,16
DA:25,16
DA:26,16
DA:27,14
DA:28,14
DA:29,14
DA:30,14
DA:31,14
DA:32,16
DA:33,1
DA:34,1
DA:35,1
DA:36,16
DA:38,16
DA:39,34
DA:41,34
DA:42,2
DA:43,2
DA:44,2
DA:47,34
DA:49,34
DA:50,34
DA:51,34
DA:52,34
DA:53,34
DA:54,34
DA:55,34
DA:56,34
DA:57,34
DA:58,17
DA:59,17
DA:60,17
DA:61,17
DA:62,17
DA:63,17
DA:64,17
DA:65,17
DA:66,17
DA:67,102
DA:68,17
DA:69,17
DA:70,17
DA:72,34
DA:73,1
DA:74,1
DA:75,1
DA:77,34
DA:78,16
DA:79,16
DA:80,16
DA:81,16
DA:82,1
DA:84,15
DA:85,15
DA:86,15
DA:87,45
DA:88,45
DA:89,45
DA:90,15
DA:91,15
DA:92,15
DA:93,8
DA:94,8
DA:95,8
DA:96,8
DA:97,8
DA:98,8
DA:99,8
DA:101,8
DA:103,8
DA:104,8
DA:105,23
DA:106,23
DA:107,23
DA:108,23
DA:109,23
DA:111,23
DA:112,23
DA:113,8
DA:114,8
DA:116,8
DA:117,8
DA:118,8
DA:119,8
DA:120,8
DA:121,8
DA:123,8
DA:124,8
DA:126,15
DA:128,16
DA:130,34
DA:132,34
LF:104
LH:104
BRDA:10,0,0,34
BRDA:57,1,0,17
BRDA:72,2,0,17
BRDA:72,3,0,1
BRDA:77,4,0,17
BRDA:77,5,0,16
BRDA:81,6,0,1
BRDA:82,7,0,15
BRDA:92,8,0,8
BRDA:22,9,0,16
BRDA:23,10,0,16
BRDA:26,11,0,14
BRDA:32,12,0,1
BRDA:31,13,0,9
BRDA:41,14,0,2
BRDA:66,15,0,102
BRDA:86,16,0,45
BRDA:104,17,0,23
BRDA:104,18,0,23
BRDA:108,19,0,8
BRDA:108,20,0,15
BRDA:107,21,0,1
BRDA:117,22,0,1
BRF:23
BRH:23
end_of_record
TN:
SF:src/pages/Campaigns.tsx
FN:23,Campaigns
FN:32,loadCampaigns
FN:45,deleteCampaign
FN:131,onClick
FNF:4
FNH:4
FNDA:5,Campaigns
FNDA:3,loadCampaigns
FNDA:1,deleteCampaign
FNDA:1,onClick
DA:1,1
DA:23,5
DA:24,5
DA:25,5
DA:26,5
DA:28,5
DA:29,2
DA:30,5
DA:32,5
DA:33,3
DA:34,3
DA:35,3
DA:36,3
DA:37,3
DA:38,3
DA:39,0
DA:40,3
DA:41,3
DA:42,3
DA:43,3
DA:45,5
DA:46,1
DA:48,1
DA:49,1
DA:50,1
DA:51,1
DA:52,1
DA:53,1
DA:54,0
DA:55,0
DA:56,1
DA:58,5
DA:59,5
DA:60,5
DA:61,5
DA:62,5
DA:63,5
DA:64,5
DA:65,5
DA:66,5
DA:67,5
DA:69,5
DA:70,5
DA:72,5
DA:74,5
DA:75,2
DA:76,3
DA:77,1
DA:78,1
DA:79,1
DA:81,2
DA:82,2
DA:83,2
DA:84,2
DA:85,2
DA:86,2
DA:87,2
DA:88,2
DA:89,2
DA:90,2
DA:91,2
DA:92,2
DA:93,2
DA:94,2
DA:95,2
DA:96,2
DA:97,2
DA:99,2
DA:100,2
DA:101,2
DA:102,2
DA:103,2
DA:104,1
DA:106,1
DA:108,2
DA:109,2
DA:110,2
DA:111,2
DA:112,2
DA:113,2
DA:114,2
DA:115,2
DA:116,2
DA:117,2
DA:118,2
DA:119,2
DA:120,2
DA:121,2
DA:122,2
DA:123,2
DA:124,2
DA:125,2
DA:126,2
DA:127,2
DA:129,2
DA:130,2
DA:131,2
DA:132,2
DA:133,2
DA:134,2
DA:136,2
DA:137,2
DA:138,2
DA:139,2
DA:141,2
DA:142,2
DA:143,2
DA:145,5
DA:146,5
DA:148,5
LF:110
LH:107
BRDA:23,0,0,5
BRDA:74,1,0,2
BRDA:75,2,0,3
BRDA:76,3,0,1
BRDA:79,4,0,2
BRDA:28,5,0,2
BRDA:32,6,0,3
BRDA:38,7,0,0
BRDA:45,8,0,1
BRDA:46,9,0,0
BRDA:53,10,0,0
BRDA:94,11,0,2
BRDA:95,12,0,1
BRDA:96,13,0,0
BRDA:103,14,0,1
BRDA:104,15,0,1
BRDA:112,16,0,0
BRDA:117,17,0,1
BRDA:117,18,0,1
BRDA:118,19,0,1
BRDA:118,20,0,1
BRDA:131,21,0,1
BRF:22
BRH:17
end_of_record
TN:
SF:src/pages/Cancel.tsx
FN:6,Cancel
FNF:1
FNH:1
FNDA:1,Cancel
DA:1,1
DA:6,1
DA:7,1
DA:8,1
DA:9,1
DA:10,1
DA:11,1
DA:12,1
DA:13,1
DA:14,1
DA:15,1
DA:16,1
DA:17,1
DA:20,1
DA:21,1
DA:22,1
DA:24,1
DA:25,1
DA:27,1
DA:28,1
DA:29,1
DA:30,1
DA:32,1
LF:23
LH:23
BRDA:6,0,0,1
BRF:1
BRH:1
end_of_record
TN:
SF:src/pages/Categories.tsx
FN:19,Categories
FN:31,loadCategories
FN:44,handleCategoryImageUpload
FN:69,saveCategory
FN:91,deleteCategory
FN:119,onClick
FN:151,onClick
FN:158,onClick
FN:181,onClick
FN:192,onChange
FN:203,onChange
FN:214,onChange
FN:228,onError
FN:245,onChange
FN:259,onChange
FN:267,onClick
FNF:16
FNH:9
FNDA:20,Categories
FNDA:8,loadCategories
FNDA:0,handleCategoryImageUpload
FNDA:1,saveCategory
FNDA:1,deleteCategory
FNDA:0,onClick
FNDA:4,onClick
FNDA:1,onClick
FNDA:2,onClick
FNDA:1,onChange
FNDA:0,onChange
FNDA:0,onChange
FNDA:0,onError
FNDA:0,onChange
FNDA:0,onChange
FNDA:1,onClick
DA:1,1
DA:19,20
DA:20,20
DA:21,20
DA:22,20
DA:23,20
DA:24,20
DA:25,20
DA:27,20
DA:28,6
DA:29,20
DA:31,20
DA:32,8
DA:33,8
DA:34,8
DA:35,8
DA:36,8
DA:37,8
DA:38,0
DA:39,8
DA:40,8
DA:41,8
DA:42,8
DA:44,20
DA:45,0
DA:46,0
DA:47,0
DA:48,0
DA:49,0
DA:50,0
DA:51,0
DA:52,0
DA:53,0
DA:54,0
DA:55,0
DA:56,0
DA:57,0
DA:58,0
DA:59,0
DA:60,0
DA:61,0
DA:62,0
DA:63,0
DA:64,0
DA:65,0
DA:66,0
DA:67,0
DA:69,20
DA:70,1
DA:71,1
DA:72,1
DA:73,1
DA:74,1
DA:75,1
DA:76,1
DA:77,1
DA:78,1
DA:79,1
DA:80,1
DA:81,1
DA:82,1
DA:83,1
DA:84,1
DA:85,1
DA:86,1
DA:87,0
DA:88,0
DA:89,1
DA:91,20
DA:92,1
DA:94,1
DA:95,1
DA:96,1
DA:97,1
DA:98,1
DA:99,1
DA:100,1
DA:101,0
DA:102,0
DA:103,0
DA:104,1
DA:106,20
DA:107,20
DA:108,20
DA:109,20
DA:110,20
DA:111,20
DA:112,20
DA:113,20
DA:114,20
DA:115,20
DA:117,20
DA:118,20
DA:119,20
DA:120,20
DA:121,20
DA:122,20
DA:124,20
DA:126,20
DA:127,6
DA:129,14
DA:130,14
DA:131,14
DA:132,14
DA:133,14
DA:134,14
DA:135,14
DA:136,14
DA:137,14
DA:138,14
DA:139,14
DA:140,14
DA:141,14
DA:142,12
DA:143,12
DA:144,12
DA:145,12
DA:146,12
DA:147,12
DA:148,12
DA:149,12
DA:150,12
DA:151,12
DA:152,12
DA:153,12
DA:154,12
DA:156,12
DA:157,12
DA:158,12
DA:159,12
DA:160,12
DA:161,12
[...]
DA:151,0
DA:152,0
DA:154,0
DA:156,10
DA:157,10
DA:158,10
DA:159,10
DA:160,10
DA:161,10
DA:162,10
DA:163,10
DA:164,10
DA:165,10
DA:166,10
DA:167,10
DA:168,12
DA:169,12
DA:170,12
DA:171,12
DA:174,12
DA:175,12
DA:176,12
DA:177,12
DA:178,12
DA:179,12
DA:180,12
DA:181,12
DA:182,12
DA:183,12
DA:184,12
DA:185,12
DA:186,12
DA:187,12
DA:188,12
DA:189,12
DA:191,12
DA:192,1
DA:193,1
DA:194,1
DA:197,12
DA:199,12
DA:200,2
DA:201,2
DA:203,2
DA:204,2
DA:205,2
DA:206,2
DA:207,2
DA:208,2
DA:210,2
DA:211,2
DA:212,2
DA:213,2
DA:214,2
DA:216,2
DA:217,2
DA:218,2
DA:219,2
DA:220,10
DA:221,10
DA:222,10
DA:223,10
DA:224,10
DA:225,0
DA:226,0
DA:227,0
DA:229,10
DA:230,10
DA:231,2
DA:232,2
DA:234,2
DA:235,2
DA:236,2
DA:237,2
DA:238,2
DA:239,2
DA:240,2
DA:241,2
DA:242,2
DA:243,2
DA:244,2
DA:245,2
DA:246,2
DA:247,2
DA:248,2
DA:249,2
DA:251,2
DA:252,2
DA:253,2
DA:254,2
DA:256,2
DA:257,2
DA:258,2
DA:259,2
DA:260,2
DA:261,2
DA:263,2
DA:264,2
DA:268,12
DA:269,5
DA:270,5
DA:272,5
DA:273,5
DA:274,5
DA:275,5
DA:276,5
DA:277,5
DA:278,5
DA:279,5
DA:280,5
DA:281,5
DA:283,5
DA:284,5
DA:285,5
DA:286,5
DA:287,5
DA:288,5
DA:289,5
DA:290,5
DA:291,5
DA:292,5
DA:293,5
DA:294,5
DA:295,5
DA:296,5
DA:298,5
DA:299,5
DA:300,5
DA:301,5
DA:302,5
DA:303,5
DA:304,5
DA:305,5
DA:306,5
DA:307,5
DA:308,5
DA:309,5
DA:310,5
DA:312,5
DA:315,5
DA:316,5
DA:318,5
DA:319,5
DA:320,5
DA:321,5
DA:322,5
DA:323,5
DA:324,5
DA:326,5
DA:327,5
DA:328,5
DA:332,12
DA:333,3
DA:334,3
DA:336,3
DA:337,3
DA:338,3
DA:339,3
DA:340,3
DA:341,3
DA:342,3
DA:343,3
DA:344,3
DA:345,3
DA:346,3
DA:347,3
DA:348,3
DA:349,3
DA:350,3
DA:352,3
DA:353,0
DA:354,0
DA:355,0
DA:356,0
DA:358,3
DA:360,3
DA:361,3
DA:364,3
DA:365,3
DA:367,3
DA:368,3
DA:370,3
DA:371,3
DA:372,3
DA:373,3
DA:374,3
DA:375,3
DA:377,3
DA:378,2
DA:380,1
DA:382,3
DA:383,3
DA:385,3
DA:387,3
DA:388,3
DA:390,12
DA:391,12
DA:392,1
DA:394,1
DA:396,12
DA:397,12
DA:399,12
DA:401,1
DA:402,1
DA:403,1
DA:404,0
DA:405,0
DA:406,0
DA:407,1
DA:408,1
LF:329
LH:265
BRDA:13,0,0,12
BRDA:110,1,0,0
BRDA:126,2,0,2
BRDA:128,3,0,10
BRDA:131,4,0,0
BRDA:137,5,0,10
BRDA:140,6,0,0
BRDA:154,7,0,10
BRDA:168,8,0,7
BRDA:169,9,0,0
BRDA:175,10,0,2
BRDA:175,11,0,8
BRDA:175,12,0,8
BRDA:175,13,0,2
BRDA:180,14,0,5
BRDA:180,15,0,5
BRDA:180,16,0,3
BRDA:180,17,0,7
BRDA:185,18,0,3
BRDA:185,19,0,7
BRDA:191,20,0,1
BRDA:199,21,0,2
BRDA:268,22,0,5
BRDA:332,23,0,3
BRDA:352,24,0,0
BRDA:377,25,0,2
BRDA:378,26,0,1
BRDA:391,27,0,1
BRDA:31,28,0,2
BRDA:39,29,0,4
BRDA:40,30,0,2
BRDA:41,31,0,0
BRDA:48,32,0,1
BRDA:48,33,0,1
BRDA:52,34,0,1
BRDA:52,35,0,0
BRDA:55,36,0,1
BRDA:70,37,0,1
BRDA:73,38,0,0
BRDA:76,39,0,0
BRDA:86,40,0,0
BRDA:87,41,0,0
BRDA:92,42,0,0
BRDA:97,43,0,0
BRDA:219,44,0,10
BRDA:223,45,0,2
BRDA:223,46,0,8
BRDA:292,47,0,1
BRDA:305,48,0,1
BRDA:401,49,0,1
BRDA:402,50,0,0
BRDA:403,51,0,0
BRF:52
BRH:37
end_of_record
TN:
SF:src/pages/Donations.tsx
FN:11,Donations
FN:27,loadDonations
FN:44,handleClearFilters
FN:49,handleSortChange
FN:61,getSortIcon
FN:88,onChange
FN:94,onChange
FN:106,onChange
FN:153,onClick
FN:163,onClick
FN:202,onClick
FN:215,onClick
FNF:12
FNH:7
FNDA:15,Donations
FNDA:7,loadDonations
FNDA:1,handleClearFilters
FNDA:2,handleSortChange
FNDA:14,getSortIcon
FNDA:0,onChange
FNDA:0,onChange
FNDA:0,onChange
FNDA:1,onClick
FNDA:1,onClick
FNDA:0,onClick
FNDA:0,onClick
DA:1,1
DA:11,15
DA:12,15
DA:13,15
DA:14,15
DA:15,15
DA:17,15
DA:18,15
DA:21,15
DA:22,7
DA:23,15
DA:26,15
DA:27,7
DA:28,7
DA:29,7
DA:30,7
DA:31,7
DA:32,6
DA:33,7
DA:34,1
DA:35,1
DA:36,7
DA:37,7
DA:38,7
DA:39,7
DA:41,7
DA:42,15
DA:44,15
DA:45,1
DA:46,1
DA:47,1
DA:49,15
DA:50,2
DA:51,2
DA:53,1
DA:54,1
DA:55,1
DA:57,1
DA:58,1
DA:59,2
DA:61,15
DA:62,14
DA:63,14
DA:64,14
DA:65,14
DA:67,15
DA:68,15
DA:70,15
DA:71,15
DA:72,15
DA:73,15
DA:74,15
DA:75,15
DA:77,15
DA:78,15
DA:80,15
DA:81,15
DA:82,15
DA:83,15
DA:84,15
DA:85,15
DA:86,15
DA:87,15
DA:88,15
DA:89,15
DA:91,15
DA:92,15
DA:93,15
DA:94,15
DA:95,15
DA:97,15
DA:98,15
DA:99,15
DA:100,15
DA:101,15
DA:103,15
DA:104,15
DA:105,15
DA:106,15
DA:107,15
DA:109,15
DA:110,15
DA:111,15
DA:112,15
DA:113,15
DA:115,15
DA:117,15
DA:118,15
DA:120,15
DA:121,7
DA:122,7
DA:123,7
DA:124,7
DA:125,7
DA:127,15
DA:130,15
DA:131,1
DA:132,1
DA:133,1
DA:137,15
DA:138,7
DA:139,7
DA:140,7
DA:141,7
DA:142,8
DA:143,7
DA:145,7
DA:146,7
DA:147,7
DA:148,7
DA:149,7
DA:150,7
DA:151,7
DA:152,7
DA:153,7
DA:154,7
DA:155,7
DA:156,7
DA:157,7
DA:158,7
DA:159,7
DA:160,7
DA:161,7
DA:162,7
DA:163,7
DA:164,7
DA:165,7
DA:166,7
DA:167,7
DA:168,7
DA:169,7
DA:170,7
DA:171,7
DA:172,7
DA:173,7
DA:174,7
DA:175,7
DA:176,7
DA:177,7
DA:178,7
DA:179,7
DA:180,7
DA:181,7
DA:182,7
DA:183,7
DA:184,7
DA:185,7
DA:186,7
DA:187,7
DA:188,7
DA:189,7
DA:190,0
DA:191,7
DA:192,7
DA:193,7
DA:194,7
DA:195,7
DA:196,7
DA:199,7
DA:200,7
DA:201,7
DA:202,7
DA:203,7
DA:204,7
DA:205,7
DA:207,7
DA:209,7
DA:210,7
DA:211,7
DA:213,7
DA:214,7
DA:215,7
DA:216,7
DA:217,7
DA:218,7
DA:220,7
DA:221,7
DA:222,7
DA:224,1
DA:225,1
DA:226,1
DA:227,0
DA:229,0
DA:231,1
DA:233,15
DA:234,15
DA:235,15
DA:237,15
LF:188
LH:185
BRDA:11,0,0,15
BRDA:67,1,0,7
BRDA:67,2,0,8
BRDA:68,3,0,7
BRDA:68,4,0,8
BRDA:120,5,0,7
BRDA:130,6,0,1
BRDA:137,7,0,7
BRDA:141,8,0,8
BRDA:142,9,0,7
BRDA:142,10,0,7
BRDA:222,11,0,1
BRDA:226,12,0,0
BRDA:21,13,0,7
BRDA:26,14,0,7
BRDA:27,15,0,7
BRDA:31,16,0,6
BRDA:33,17,0,1
BRDA:44,18,0,1
BRDA:49,19,0,2
BRDA:51,20,0,1
BRDA:53,21,0,0
BRDA:61,22,0,14
BRDA:63,23,0,7
BRDA:64,24,0,0
BRDA:64,25,0,7
BRDA:153,26,0,1
BRDA:163,27,0,1
BRDA:172,28,0,7
BRDA:174,29,0,0
BRDA:175,30,0,0
BRDA:177,31,0,0
BRDA:177,32,0,0
BRDA:179,33,0,0
BRDA:181,34,0,0
BRDA:183,35,0,0
BRDA:189,36,0,0
BRF:37
BRH:26
end_of_record
TN:
SF:src/pages/Home.tsx
FN:20,Home
FN:28,loadSections
FN:127,SectionRenderer
FNF:3
FNH:3
FNDA:9,Home
FNDA:5,loadSections
FNDA:4,SectionRenderer
DA:1,1
DA:20,9
DA:21,9
DA:22,9
DA:23,9
DA:24,9
DA:25,9
DA:27,9
DA:28,5
DA:29,5
DA:30,5
DA:32,5
DA:33,1
DA:34,1
DA:35,3
DA:36,3
DA:37,3
DA:38,5
DA:39,1
DA:40,1
DA:41,1
DA:42,5
DA:44,5
DA:45,9
DA:47,9
DA:48,5
DA:49,5
DA:50,5
DA:51,5
DA:52,5
DA:53,5
DA:54,5
DA:55,5
DA:56,5
DA:57,5
DA:58,5
DA:59,5
DA:61,5
DA:63,9
DA:64,1
DA:65,1
DA:66,1
DA:67,1
DA:68,1
DA:69,1
DA:70,1
DA:71,1
DA:72,1
DA:73,1
DA:74,1
DA:75,1
DA:76,1
DA:77,1
DA:79,1
DA:80,1
DA:81,1
DA:83,1
DA:86,9
DA:87,1
DA:88,1
DA:89,1
DA:90,1
DA:91,1
DA:92,1
DA:93,1
DA:94,1
DA:95,1
DA:96,1
DA:97,1
DA:98,1
DA:99,1
DA:100,1
DA:101,1
DA:102,1
DA:103,1
DA:105,1
DA:107,2
DA:108,2
DA:109,2
DA:110,2
DA:111,2
DA:112,2
DA:113,2
DA:114,2
DA:115,2
DA:116,2
DA:117,2
DA:118,4
DA:119,2
DA:120,2
DA:122,2
DA:127,4
DA:129,4
DA:131,4
DA:132,4
DA:133,0
DA:135,4
DA:136,0
DA:138,4
DA:139,0
DA:141,4
DA:142,0
DA:144,4
DA:145,0
DA:147,4
DA:148,4
DA:149,4
DA:150,4
LF:108
LH:103
BRDA:20,0,0,9
BRDA:47,1,0,5
BRDA:61,2,0,4
BRDA:63,3,0,1
BRDA:83,4,0,3
BRDA:86,5,0,1
BRDA:105,6,0,2
BRDA:27,7,0,5
BRDA:28,8,0,5
BRDA:30,9,0,4
BRDA:32,10,0,1
BRDA:34,11,0,3
BRDA:38,12,0,1
BRDA:39,13,0,0
BRDA:117,14,0,4
BRDA:127,15,0,4
BRDA:129,16,0,0
BRDA:132,17,0,0
BRDA:135,18,0,0
BRDA:138,19,0,0
BRDA:141,20,0,0
BRDA:144,21,0,0
BRF:22
BRH:15
end_of_record
TN:
SF:src/pages/NotFound.tsx
FN:5,NotFound
FNF:1
FNH:1
FNDA:5,NotFound
DA:1,1
DA:5,5
DA:6,5
DA:7,5
DA:8,5
DA:9,5
DA:10,5
DA:11,5
DA:12,5
DA:13,5
DA:14,5
DA:15,5
DA:17,5
DA:18,5
DA:19,5
DA:21,5
DA:22,5
DA:24,5
DA:25,5
DA:26,5
DA:28,5
LF:21
LH:21
BRDA:5,0,0,5
BRF:1
BRH:1
end_of_record
TN:
SF:src/pages/PasswordSetup.tsx
FN:12,PasswordSetup
FN:42,validateToken
FN:64,loadSecurityQuestions
FN:74,handleSubmit
FN:141,onClick
FN:173,onChange
FN:185,onChange
FN:203,onChange
FN:222,onChange
FNF:9
FNH:8
FNDA:19,PasswordSetup
FNDA:4,validateToken
FNDA:4,loadSecurityQuestions
FNDA:2,handleSubmit
FNDA:0,onClick
FNDA:2,onChange
FNDA:2,onChange
FNDA:2,onChange
FNDA:2,onChange
DA:1,1
DA:12,19
DA:13,19
DA:14,19
DA:15,19
DA:16,19
DA:18,19
DA:19,19
DA:20,19
DA:21,19
DA:22,19
DA:23,19
DA:24,19
DA:25,19
DA:26,19
DA:27,19
DA:28,19
DA:29,19
DA:31,19
DA:32,4
DA:33,0
DA:34,0
DA:35,0
DA:36,0
DA:38,4
DA:39,4
DA:40,19
DA:42,19
DA:43,4
DA:44,4
DA:45,4
DA:47,4
DA:48,3
DA:49,3
DA:50,3
DA:51,3
DA:52,3
DA:53,3
DA:54,4
DA:55,1
DA:56,1
DA:57,4
DA:58,0
DA:59,4
DA:60,4
DA:61,4
DA:62,4
DA:64,19
DA:65,4
DA:66,4
DA:67,4
DA:68,4
DA:69,4
DA:70,0
DA:71,0
DA:72,4
DA:74,19
DA:75,2
DA:76,2
DA:78,2
DA:79,1
DA:80,1
DA:81,1
DA:83,2
DA:84,0
DA:85,0
DA:86,0
DA:88,2
DA:89,0
DA:90,0
DA:91,0
DA:93,2
DA:94,0
DA:95,0
DA:96,0
DA:98,1
DA:100,1
DA:101,1
DA:102,1
DA:103,1
DA:104,1
DA:105,1
DA:106,1
DA:107,1
DA:108,1
DA:110,1
DA:111,1
DA:112,1
DA:113,2
DA:114,0
DA:115,0
DA:116,0
DA:117,2
DA:118,0
DA:119,2
DA:120,1
DA:121,1
DA:122,2
DA:124,19
DA:125,4
DA:126,4
DA:127,4
DA:128,4
DA:129,4
DA:130,4
DA:132,4
DA:134,19
DA:135,1
DA:136,1
DA:137,1
DA:138,1
DA:139,1
DA:140,1
DA:141,1
DA:143,1
DA:144,1
DA:145,1
DA:146,1
DA:148,1
DA:150,14
DA:151,14
DA:152,14
DA:153,14
DA:154,14
DA:155,14
DA:156,14
DA:158,14
DA:159,14
DA:160,1
DA:161,1
DA:162,1
DA:165,19
DA:166,19
DA:168,19
DA:169,19
DA:170,19
DA:171,19
DA:172,19
DA:173,19
DA:174,19
DA:175,19
DA:176,19
DA:177,19
DA:178,19
DA:180,19
DA:181,19
DA:182,19
DA:183,19
DA:184,19
DA:185,19
DA:186,19
DA:187,19
DA:188,19
DA:189,19
DA:190,19
DA:191,19
DA:193,19
DA:194,19
DA:195,19
DA:197,19
DA:198,28
DA:199,28
DA:200,28
DA:201,28
DA:202,28
DA:203,28
DA:204,2
DA:205,2
DA:206,2
DA:207,2
DA:208,28
DA:210,28
DA:211,28
DA:212,48
DA:213,28
DA:214,28
DA:215,28
DA:217,28
DA:218,28
DA:219,28
DA:220,28
DA:221,28
DA:222,28
DA:223,2
DA:224,2
DA:225,2
DA:226,2
DA:227,28
DA:228,28
DA:229,28
DA:230,28
DA:231,28
DA:232,19
DA:233,19
DA:235,19
DA:236,19
DA:237,19
DA:238,19
DA:239,19
DA:241,19
DA:242,19
DA:244,19
DA:245,19
DA:246,19
DA:247,19
DA:249,19
LF:206
LH:186
BRDA:12,0,0,19
BRDA:124,1,0,4
BRDA:132,2,0,15
BRDA:134,3,0,1
BRDA:148,4,0,14
BRDA:159,5,0,1
BRDA:237,6,0,1
BRDA:237,7,0,13
BRDA:31,8,0,4
BRDA:32,9,0,0
BRDA:42,10,0,4
BRDA:47,11,0,3
BRDA:54,12,0,1
BRDA:55,13,0,0
BRDA:57,14,0,0
BRDA:64,15,0,4
BRDA:69,16,0,0
BRDA:74,17,0,2
BRDA:78,18,0,1
BRDA:83,19,0,0
BRDA:86,20,0,1
BRDA:88,21,0,0
BRDA:91,22,0,1
BRDA:93,23,0,0
BRDA:96,24,0,1
BRDA:113,25,0,0
BRDA:117,26,0,0
BRDA:119,27,0,1
BRDA:173,28,0,2
BRDA:185,29,0,2
BRDA:197,30,0,28
BRDA:203,31,0,2
BRDA:211,32,0,48
BRDA:222,33,0,2
BRF:34
BRH:25
end_of_record
TN:
SF:src/pages/PrivacyPage.tsx
FN:6,PrivacyPage
FNF:1
FNH:1
FNDA:1,PrivacyPage
DA:1,1
DA:6,1
DA:7,1
DA:8,1
DA:9,1
DA:11,1
DA:12,1
DA:13,1
DA:14,1
DA:15,1
DA:16,1
DA:17,1
DA:18,1
DA:20,1
DA:21,0
DA:23,1
DA:24,1
DA:25,1
DA:26,1
DA:28,1
DA:29,1
DA:31,1
DA:32,1
DA:33,1
DA:35,1
DA:36,1
DA:37,1
DA:38,1
DA:39,1
DA:40,1
DA:41,1
DA:42,1
DA:44,1
DA:45,1
DA:46,1
DA:48,1
DA:49,1
DA:51,1
DA:52,1
DA:53,1
DA:55,1
DA:56,1
DA:58,1
DA:59,1
DA:60,1
DA:61,1
DA:62,1
DA:63,1
DA:64,1
DA:66,1
DA:67,1
DA:68,1
DA:70,1
DA:71,1
DA:72,1
DA:73,1
DA:74,1
DA:75,1
DA:76,1
DA:77,1
DA:79,1
DA:80,1
DA:81,1
DA:83,1
DA:84,1
DA:86,1
DA:87,1
DA:88,1
DA:89,1
DA:90,1
DA:91,1
DA:92,1
DA:93,1
DA:95,1
DA:97,1
LF:75
LH:74
BRDA:6,0,0,1
BRDA:20,1,0,0
BRDA:20,2,0,0
BRF:3
BRH:1
end_of_record
TN:
SF:src/pages/Success.tsx
FN:17,formatAmount
FN:26,Success
FN:37,verifyDonation
FNF:3
FNH:3
FNDA:2,formatAmount
FNDA:11,Success
FNDA:5,verifyDonation
DA:1,1
DA:17,2
DA:18,2
DA:19,2
DA:20,2
DA:21,2
DA:22,2
DA:23,2
DA:24,2
DA:26,11
DA:27,11
DA:28,11
DA:29,11
DA:30,11
DA:31,11
DA:32,11
DA:34,11
DA:35,7
DA:37,5
DA:38,5
DA:39,5
DA:40,5
DA:41,5
DA:42,5
DA:43,1
DA:44,1
DA:45,1
DA:46,1
DA:47,2
DA:48,2
DA:49,5
DA:50,1
DA:51,5
DA:52,4
DA:53,4
DA:54,5
DA:56,5
DA:57,11
DA:59,11
DA:60,5
DA:61,5
DA:62,5
DA:63,5
DA:64,5
DA:65,5
DA:66,5
DA:67,5
DA:69,5
DA:71,6
DA:72,6
DA:73,6
DA:74,6
DA:75,6
DA:76,6
DA:77,6
DA:78,6
DA:79,6
DA:81,6
DA:82,2
DA:83,2
DA:84,2
DA:85,2
DA:86,2
DA:87,2
DA:88,2
DA:89,2
DA:90,2
DA:91,2
DA:92,2
DA:93,2
DA:94,2
DA:95,2
DA:96,2
DA:97,2
DA:98,2
DA:99,2
DA:100,2
DA:101,2
DA:102,2
DA:103,1
DA:104,2
DA:105,2
DA:106,2
DA:107,1
DA:108,2
DA:109,2
DA:110,2
DA:111,2
DA:112,2
DA:113,2
DA:116,11
DA:117,2
DA:120,2
DA:123,11
DA:124,2
DA:127,2
DA:130,11
DA:131,11
DA:133,11
DA:134,11
DA:136,11
DA:137,11
DA:138,11
DA:139,11
DA:141,11
LF:105
LH:105
BRDA:17,0,0,2
BRDA:22,1,0,0
BRDA:26,2,0,11
BRDA:59,3,0,5
BRDA:69,4,0,6
BRDA:81,5,0,2
BRDA:97,6,0,0
BRDA:102,7,0,1
BRDA:102,8,0,1
BRDA:103,9,0,0
BRDA:106,10,0,1
BRDA:106,11,0,1
BRDA:107,12,0,0
BRDA:116,13,0,2
BRDA:123,14,0,4
BRDA:123,15,0,2
BRDA:34,16,0,7
BRDA:35,17,0,2
BRDA:35,18,0,5
BRDA:37,19,0,5
BRDA:41,20,0,3
BRDA:42,21,0,1
BRDA:46,22,0,2
BRDA:49,23,0,1
BRDA:51,24,0,3
BRDA:51,25,0,4
BRF:26
BRH:22
end_of_record
TN:
SF:src/pages/TermsPage.tsx
FN:6,TermsPage
FNF:1
FNH:1
FNDA:1,TermsPage
DA:1,1
DA:6,1
DA:7,1
DA:8,1
DA:9,1
DA:11,1
DA:12,1
DA:13,1
DA:14,1
DA:15,1
DA:16,1
DA:17,1
DA:18,1
DA:20,1
DA:21,0
DA:23,1
DA:24,1
DA:25,1
DA:26,1
DA:28,1
DA:29,1
DA:31,1
DA:32,1
DA:33,1
DA:35,1
DA:36,1
DA:38,1
DA:39,1
DA:40,1
DA:41,1
DA:42,1
DA:43,1
DA:44,1
DA:46,1
DA:47,1
DA:48,1
DA:50,1
DA:51,1
DA:53,1
DA:54,1
DA:55,1
DA:57,1
DA:58,1
DA:60,1
DA:61,1
DA:62,1
DA:64,1
DA:65,1
DA:67,1
DA:68,1
DA:69,1
DA:71,1
DA:72,1
DA:74,1
DA:75,1
DA:76,1
DA:77,1
DA:78,1
DA:79,1
DA:80,1
DA:81,1
DA:83,1
DA:85,1
LF:63
LH:62
BRDA:6,0,0,1
BRDA:20,1,0,0
BRDA:20,2,0,0
BRF:3
BRH:1
end_of_record
TN:
SF:src/types/common.ts
FNF:0
FNH:0
DA:1,1
DA:5,1
LF:2
LH:2
BRF:0
BRH:0
end_of_record
TN:
SF:src/utils/auth.ts
FN:22,getAuthToken
FN:38,withAuthHeaders
FN:81,authFetch
FN:82,makeRequest
FN:163,getCsrfToken
FNF:5
FNH:5
FNDA:1,getAuthToken
FNDA:1,withAuthHeaders
FNDA:2,authFetch
FNDA:3,makeRequest
FNDA:4,getCsrfToken
DA:1,1
DA:22,1
DA:25,1
DA:26,1
DA:38,1
DA:41,1
DA:42,1
DA:81,1
DA:82,2
DA:83,3
DA:86,3
DA:87,3
DA:88,3
DA:91,3
DA:92,3
DA:93,3
DA:94,3
DA:95,3
DA:96,3
DA:99,3
DA:100,3
DA:101,3
DA:102,3
DA:103,3
DA:104,3
DA:107,2
DA:110,2
DA:111,0
DA:112,0
DA:113,0
DA:114,0
DA:115,0
DA:116,0
DA:118,0
DA:120,0
DA:121,0
DA:122,0
DA:124,0
DA:125,0
DA:128,2
DA:129,1
DA:130,1
DA:131,1
DA:133,1
DA:134,1
DA:135,1
DA:136,1
DA:138,1
DA:139,1
DA:140,1
DA:141,1
DA:142,1
DA:143,1
DA:144,1
DA:145,1
DA:146,1
DA:148,0
DA:149,1
DA:151,1
DA:152,1
DA:163,4
DA:164,4
DA:165,4
DA:166,4
DA:168,4
DA:169,4
DA:170,4
DA:171,4
DA:172,4
DA:173,4
DA:174,0
DA:175,0
LF:72
LH:57
BRDA:22,0,0,1
BRDA:38,1,0,1
BRDA:81,2,0,2
BRDA:110,3,0,0
BRDA:128,4,0,1
BRDA:128,5,0,0
BRDA:128,6,0,0
BRDA:128,7,0,1
BRDA:146,8,0,0
BRDA:82,9,0,3
BRDA:139,10,0,1
BRDA:163,11,0,4
BRDA:173,12,0,0
BRF:13
BRH:8
end_of_record
TN:
SF:src/utils/contactApi.ts
FN:22,fetchContactInfo
FNF:1
FNH:1
FNDA:4,fetchContactInfo
DA:1,1
DA:22,4
DA:23,4
DA:25,4
DA:26,1
DA:27,1
DA:29,2
DA:30,2
DA:31,2
LF:9
LH:9
BRDA:22,0,0,4
BRDA:23,1,0,3
BRDA:25,2,0,2
BRDA:25,3,0,1
BRF:4
BRH:4
end_of_record
TN:
SF:src/utils/currency.ts
FN:27,getCurrencySymbol
FN:39,centsToAmount
FN:52,amountToCents
FN:68,formatCurrency
FN:103,formatAmount
FN:120,formatAmountForInput
FN:134,calculateProgress
FN:156,formatCurrencyCode
FN:166,isValidAmount
FNF:9
FNH:9
FNDA:119,getCurrencySymbol
FNDA:126,centsToAmount
FNDA:6,amountToCents
FNDA:113,formatCurrency
FNDA:1,formatAmount
FNDA:5,formatAmountForInput
FNDA:6,calculateProgress
FNDA:72,formatCurrencyCode
FNDA:3,isValidAmount
DA:13,1
DA:14,1
DA:15,1
DA:16,1
DA:17,1
DA:18,1
DA:19,1
DA:20,1
DA:21,1
DA:22,1
DA:27,1
DA:28,119
DA:29,119
DA:30,119
DA:39,1
DA:40,126
DA:41,126
DA:42,126
DA:43,126
DA:52,1
DA:53,6
DA:54,6
DA:55,6
DA:56,5
DA:57,5
DA:68,1
DA:69,113
DA:70,113
DA:71,113
DA:75,113
DA:76,113
DA:77,113
DA:78,113
DA:79,113
DA:80,113
DA:81,113
DA:83,113
DA:84,113
DA:85,113
DA:87,113
DA:88,113
DA:89,113
DA:90,113
DA:92,113
DA:93,113
DA:103,1
DA:104,1
DA:105,1
DA:106,1
DA:107,1
DA:108,1
DA:109,1
DA:110,1
DA:111,1
DA:112,1
DA:120,1
DA:121,5
DA:122,5
DA:123,5
DA:134,1
DA:135,6
DA:136,6
DA:137,6
DA:138,6
DA:139,6
DA:140,6
DA:142,6
DA:144,6
DA:145,6
DA:147,6
DA:148,6
DA:156,1
DA:157,72
DA:158,72
DA:166,1
DA:167,3
DA:168,2
DA:169,3
DA:170,3
LF:79
LH:79
BRDA:27,0,0,119
BRDA:28,1,0,0
BRDA:29,2,0,1
BRDA:39,3,0,126
BRDA:40,4,0,1
BRDA:41,5,0,0
BRDA:52,6,0,6
BRDA:53,7,0,0
BRDA:54,8,0,5
BRDA:54,9,0,1
BRDA:55,10,0,5
BRDA:55,11,0,1
BRDA:68,12,0,113
BRDA:84,13,0,100
BRDA:84,14,0,13
BRDA:85,15,0,1
BRDA:85,16,0,112
BRDA:103,17,0,1
BRDA:120,18,0,5
BRDA:134,19,0,6
BRDA:139,20,0,1
BRDA:140,21,0,1
BRDA:142,22,0,0
BRDA:156,23,0,72
BRDA:157,24,0,1
BRDA:166,25,0,3
BRDA:167,26,0,2
BRDA:167,27,0,1
BRDA:167,28,0,2
BRDA:169,29,0,1
BRF:30
BRH:26
end_of_record
TN:
SF:src/utils/dateUtils.ts
FN:50,formatDate
FN:84,formatDateTime
FN:116,formatShortDate
FN:137,formatLongDate
FN:156,getCurrentYear
FN:171,isValidDate
FN:192,parseDate
FNF:7
FNH:7
FNDA:6,formatDate
FNDA:9,formatDateTime
FNDA:1,formatShortDate
FNDA:1,formatLongDate
FNDA:1,getCurrentYear
FNDA:2,isValidDate
FNDA:3,parseDate
DA:20,1
DA:21,1
DA:22,1
DA:23,1
DA:24,1
DA:29,1
DA:30,1
DA:31,1
DA:32,1
DA:33,1
DA:34,1
DA:35,1
DA:50,1
DA:51,6
DA:52,6
DA:53,6
DA:54,6
DA:55,6
DA:57,5
DA:58,6
DA:60,6
DA:61,1
DA:62,1
DA:63,1
DA:65,4
DA:66,6
DA:67,0
DA:68,0
DA:69,0
DA:70,6
DA:84,1
DA:85,9
DA:86,9
DA:87,9
DA:88,9
DA:89,9
DA:91,9
DA:92,9
DA:94,9
DA:95,1
DA:96,1
DA:97,1
DA:99,8
DA:100,9
DA:101,0
DA:102,0
DA:103,0
DA:104,9
DA:116,1
DA:117,1
DA:118,1
DA:119,1
DA:120,1
DA:121,1
DA:122,1
DA:123,1
DA:124,1
DA:125,1
DA:137,1
DA:138,1
DA:139,1
DA:140,1
DA:141,1
DA:142,1
DA:143,1
DA:144,1
DA:145,1
DA:146,1
DA:156,1
DA:157,1
DA:158,1
DA:171,1
DA:172,2
DA:174,2
DA:175,2
DA:176,2
DA:177,2
DA:178,0
DA:179,0
DA:180,2
DA:192,1
DA:193,3
DA:195,2
DA:196,2
DA:197,3
DA:198,3
DA:199,0
DA:200,0
DA:201,3
LF:89
LH:79
BRDA:50,0,0,6
BRDA:55,1,0,1
BRDA:55,2,0,5
BRDA:58,3,0,0
BRDA:60,4,0,1
BRDA:63,5,0,4
BRDA:66,6,0,0
BRDA:84,7,0,9
BRDA:89,8,0,0
BRDA:92,9,0,0
BRDA:94,10,0,8
BRDA:94,11,0,1
BRDA:100,12,0,0
BRDA:116,13,0,1
BRDA:137,14,0,1
BRDA:156,15,0,1
BRDA:171,16,0,2
BRDA:172,17,0,0
BRDA:175,18,0,0
BRDA:177,19,0,0
BRDA:192,20,0,3
BRDA:193,21,0,1
BRDA:193,22,0,2
BRDA:197,23,0,1
BRDA:197,24,0,1
BRDA:198,25,0,0
BRF:26
BRH:17
end_of_record
TN:
SF:src/utils/scrollAnimations.ts
FN:4,initScrollAnimations
FN:13,IntersectionObserver.threshold
FN:45,refreshScrollAnimations
FNF:3
FNH:3
FNDA:14,initScrollAnimations
FNDA:2,IntersectionObserver.threshold
FNDA:10,refreshScrollAnimations
DA:4,1
DA:6,14
DA:7,1
DA:8,1
DA:9,1
DA:12,13
DA:13,13
DA:14,2
DA:15,4
DA:16,2
DA:19,2
DA:20,2
DA:21,2
DA:22,13
DA:23,13
DA:24,13
DA:25,13
DA:26,13
DA:29,13
DA:30,13
DA:32,13
DA:33,13
DA:36,1
DA:37,1
DA:38,0
DA:39,1
DA:40,1
DA:41,1
DA:42,1
DA:45,1
DA:46,10
DA:47,10
DA:48,10
LF:33
LH:32
BRDA:37,0,0,0
BRDA:4,1,0,14
BRDA:6,2,0,1
BRDA:9,3,0,13
BRDA:13,4,0,2
BRDA:14,5,0,4
BRDA:15,6,0,2
BRDA:30,7,0,28
BRDA:45,8,0,10
BRF:9
BRH:8
end_of_record
TN:
SF:src/utils/validators.ts
FN:15,isValidEmail
FN:32,isValidUrl
FN:53,isValidPhone
FN:71,isEmpty
FN:81,isNotEmpty
FN:97,isInRange
FN:117,hasMinLength
FN:136,hasMaxLength
FN:155,isStrongPassword
FN:177,matches
FN:195,sanitize
FN:213,validateFields
FNF:12
FNH:12
FNDA:5,isValidEmail
FNDA:2,isValidUrl
FNDA:3,isValidPhone
FNDA:7,isEmpty
FNDA:2,isNotEmpty
FNDA:2,isInRange
FNDA:1,hasMinLength
FNDA:1,hasMaxLength
FNDA:2,isStrongPassword
FNDA:2,matches
FNDA:2,sanitize
FNDA:1,validateFields
DA:15,1
DA:16,5
DA:18,4
DA:19,4
DA:20,4
DA:32,1
DA:33,2
DA:35,2
DA:36,2
DA:37,2
DA:38,2
DA:39,1
DA:40,1
DA:41,2
DA:53,1
DA:54,3
DA:56,3
DA:57,3
DA:58,3
DA:71,1
DA:72,7
DA:73,7
DA:81,1
DA:82,2
DA:83,2
DA:97,1
DA:98,2
DA:99,2
DA:100,2
DA:101,2
DA:102,2
DA:103,2
DA:104,2
DA:117,1
DA:118,1
DA:119,1
DA:120,1
DA:121,1
DA:122,1
DA:123,1
DA:136,1
DA:137,1
DA:138,1
DA:139,1
DA:140,1
DA:141,1
DA:142,1
DA:155,1
DA:156,2
DA:158,2
DA:159,2
DA:160,2
DA:161,2
DA:163,2
DA:164,2
DA:177,1
DA:178,2
DA:179,2
DA:180,2
DA:181,2
DA:182,2
DA:183,2
DA:195,1
DA:196,2
DA:197,2
DA:213,1
DA:214,1
DA:215,1
DA:216,1
DA:217,1
DA:219,1
DA:220,2
DA:222,2
DA:223,2
DA:224,2
DA:225,2
DA:226,2
DA:227,2
DA:228,2
DA:229,2
DA:231,1
DA:232,1
LF:82
LH:82
BRDA:15,0,0,5
BRDA:16,1,0,4
BRDA:16,2,0,1
BRDA:16,3,0,4
BRDA:32,4,0,2
BRDA:33,5,0,0
BRDA:38,6,0,1
BRDA:53,7,0,3
BRDA:54,8,0,0
BRDA:71,9,0,7
BRDA:72,10,0,4
BRDA:81,11,0,2
BRDA:97,12,0,2
BRDA:102,13,0,0
BRDA:103,14,0,1
BRDA:117,15,0,1
BRDA:121,16,0,0
BRDA:136,17,0,1
BRDA:140,18,0,0
BRDA:155,19,0,2
BRDA:156,20,0,0
BRDA:163,21,0,1
BRDA:163,22,0,1
BRDA:163,23,0,1
BRDA:177,24,0,2
BRDA:181,25,0,0
BRDA:195,26,0,2
BRDA:196,27,0,1
BRDA:196,28,0,1
BRDA:213,29,0,1
BRDA:219,30,0,2
BRF:31
BRH:24
end_of_record
